Processing 188 clusters (fresh start)
  [1/188] grnr=0  M~2.594e+15  R200~2198 kpc  ...  2000 candidate satellites  ->Processing 188 clusters (fresh start)
  [1/188] grnr=0  M~2.594e+15  R200~2198 kpc  ...  2000 candidate satellites  -> 100/2000 200/2000 300/2000 400/2000 500/2000 600/2000 700/2000 800/2000 900/2000 1000/2000 1100/2000 1200/2000 1300/2000 1400/2000 1500/2000 1600/2000 1700/2000 1800/2000 1900/2000 2000/2000 1894 kept (gas + stellar mass cuts)
  [2/188] grnr=1  M~4.611e+13  R200~574 kpc  ...  415 candidate satellites  -> 203 kept (gas + stellar mass cuts)
  [3/188] grnr=2  M~1.489e+14  R200~848 kpc  ...  465 candidate satellites  -> 212 kept (gas + stellar mass cuts)
  [4/188] grnr=3  M~5.385e+13  R200~604 kpc  ...  238 candidate satellites  ->Resuming from cluster 4/188 (checkpoint found)
  [4/188] grnr=3  M~5.385e+13  R200~604 kpc  ...  238 candidate satellites  -> 143 kept (gas + stellar mass cuts)
  [5/188] grnr=4  M~1.329e+14  R200~816 kpc  ...  259 candidate satellites  -> 84 kept (gas + stellar mass cuts)
  [6/188] grnr=5  M~7.594e+13  R200~678 kpc  ...  72 candidate satellites  -> 59 kept (gas + stellar mass cuts)
  [7/188] grnr=6  M~5.085e+13  R200~593 kpc  ...  207 candidate satellites  -> 95 kept (gas + stellar mass cuts)
  [8/188] grnr=7  M~8.581e+13  R200~706 kpc  ...  103 candidate satellites  -> 59 kept (gas + stellar mass cuts)
  [9/188] grnr=8  M~6.945e+13  R200~658 kpc  ...  49 candidate satellites  -> 34 kept (gas + stellar mass cuts)
  [10/188] grnr=9  M~5.130e+13  R200~594 kpc  ...  121 candidate satellites  -> 59 kept (gas + stellar mass cuts)
  → Saved 533 galaxies (checkpoint: 10/188)
  [11/188] grnr=10  M~3.939e+13  R200~544 kpc  ...  22 candidate satellites  -> 17 kept (gas + stellar mass cuts)
  [12/188] grnr=11  M~3.533e+13  R200~525 kpc  ...  182 candidate satellites  -> 39 kept (gas + stellar mass cuts)
  [13/188] grnr=12  M~4.070e+13  R200~550 kpc  ...  97 candidate satellites  -> 37 kept (gas + stellar mass cuts)
  [14/188] grnr=13  M~2.876e+13  R200~490 kpc  ...  127 candidate satellites  -> 50 kept (gas + stellar mass cuts)
  [15/188] grnr=14  M~2.614e+13  R200~475 kpc  ...  46 candidate satellites  -> 31 kept (gas + stellar mass cuts)
  [16/188] grnr=15  M~3.264e+13  R200~511 kpc  ...  120 candidate satellites  -> 29 kept (gas + stellar mass cuts)
  [17/188] grnr=16  M~1.463e+14  R200~843 kpc  ...  146 candidate satellites  -> 38 kept (gas + stellar mass cuts)
  [18/188] grnr=17  M~2.581e+13  R200~473 kpc  ...  59 candidate satellites  -> 23 kept (gas + stellar mass cuts)
  [19/188] grnr=18  M~4.068e+13  R200~550 kpc  ...  95 candidate satellites  -> 26 kept (gas + stellar mass cuts)
  [20/188] grnr=19  M~2.305e+13  R200~455 kpc  ...  44 candidate satellites  -> 25 kept (gas + stellar mass cuts)
  → Saved 848 galaxies (checkpoint: 20/188)
  [21/188] grnr=20  M~5.707e+13  R200~616 kpc  ...  41 candidate satellites  -> 21 kept (gas + stellar mass cuts)
  [22/188] grnr=21  M~2.106e+13  R200~442 kpc  ...  116 candidate satellites  -> 31 kept (gas + stellar mass cuts)
  [23/188] grnr=22  M~1.817e+13  R200~421 kpc  ...  106 candidate satellites  -> 26 kept (gas + stellar mass cuts)
  [24/188] grnr=23  M~1.869e+13  R200~425 kpc  ...  62 candidate satellites  -> 15 kept (gas + stellar mass cuts)
  [25/188] grnr=24  M~1.543e+13  R200~398 kpc  ...  107 candidate satellites  -> 15 kept (gas + stellar mass cuts)
  [26/188] grnr=25  M~4.061e+13  R200~550 kpc  ...  28 candidate satellites  -> 19 kept (gas + stellar mass cuts)
  [27/188] grnr=26  M~1.609e+13  R200~404 kpc  ...  20 candidate satellites  -> 16 kept (gas + stellar mass cuts)
  [28/188] grnr=27  M~1.838e+13  R200~422 kpc  ...  95 candidate satellites  -> 27 kept (gas + stellar mass cuts)
  [29/188] grnr=28  M~3.827e+13  R200~539 kpc  ...  34 candidate satellites  -> 22 kept (gas + stellar mass cuts)
  [30/188] grnr=29  M~4.819e+13  R200~582 kpc  ...  24 candidate satellites  -> 14 kept (gas + stellar mass cuts)
  → Saved 1054 galaxies (checkpoint: 30/188)
  [31/188] grnr=30  M~1.811e+13  R200~420 kpc  ...  61 candidate satellites  -> 14 kept (gas + stellar mass cuts)
  [32/188] grnr=31  M~1.785e+13  R200~418 kpc  ...  81 candidate satellites  -> 23 kept (gas + stellar mass cuts)
  [33/188] grnr=32  M~1.844e+13  R200~423 kpc  ...Resuming from cluster 33/188 (checkpoint found)
Loaded 1054 galaxies from previous run
  [33/188] grnr=32  M~1.844e+13  R200~423 kpc  ...  53 candidate satellites  -> 10 kept (gas + stellar mass cuts)
  [34/188] grnr=33  M~1.510e+13  R200~395 kpc  ...  83 candidate satellites  -> 16 kept (gas + stellar mass cuts)
  [35/188] grnr=34  M~1.988e+13  R200~434 kpc  ...  29 candidate satellites  -> 17 kept (gas + stellar mass cuts)
  [36/188] grnr=35  M~6.435e+13  R200~641 kpc  ...  59 candidate satellites  -> 16 kept (gas + stellar mass cuts)
  [37/188] grnr=36  M~8.516e+13  R200~704 kpc  ...  31 candidate satellites  -> 12 kept (gas + stellar mass cuts)
  [38/188] grnr=37  M~9.792e+12  R200~342 kpc  ...  50 candidate satellites  -> 23 kept (gas + stellar mass cuts)
  [39/188] grnr=38  M~7.815e+12  R200~318 kpc  ...  55 candidate satellites  -> 20 kept (gas + stellar mass cuts)
  [40/188] grnr=39  M~6.592e+13  R200~646 kpc  ...  18 candidate satellites  -> 13 kept (gas + stellar mass cuts)
  → Saved 1181 galaxies (checkpoint: 40/188)
  [41/188] grnr=40  M~1.427e+13  R200~388 kpc  ...  47 candidate satellites  -> 3 kept (gas + stellar mass cuts)
  [42/188] grnr=41  M~1.461e+13  R200~391 kpc  ...  50 candidate satellites  -> 11 kept (gas + stellar mass cuts)
  [43/188] grnr=42  M~9.305e+12  R200~336 kpc  ...  19 candidate satellites  -> 12 kept (gas + stellar mass cuts)
  [44/188] grnr=43  M~2.630e+13  R200~476 kpc  ...  87 candidate satellites  -> 19 kept (gas + stellar mass cuts)
  [45/188] grnr=44  M~1.324e+13  R200~378 kpc  ...  47 candidate satellites  -> 9 kept (gas + stellar mass cuts)
  [46/188] grnr=45  M~1.801e+13  R200~419 kpc  ...  56 candidate satellites  -> 11 kept (gas + stellar mass cuts)
  [47/188] grnr=46  M~7.302e+13  R200~669 kpc  ...  24 candidate satellites  -> 11 kept (gas + stellar mass cuts)
  [48/188] grnr=47  M~1.391e+13  R200~385 kpc  ...  47 candidate satellites  -> 12 kept (gas + stellar mass cuts)
  [49/188] grnr=48  M~1.345e+13  R200~381 kpc  ...  19 candidate satellites  -> 9 kept (gas + stellar mass cuts)
  [50/188] grnr=49  M~9.919e+12  R200~344 kpc  ...  31 candidate satellites  -> 5 kept (gas + stellar mass cuts)
  → Saved 1283 galaxies (checkpoint: 50/188)
  [51/188] grnr=50  M~9.497e+12  R200~339 kpc  ...  33 candidate satellites  -> 10 kept (gas + stellar mass cuts)
  [52/188] grnr=51  M~8.641e+12  R200~328 kpc  ...  25 candidate satellites  -> 5 kept (gas + stellar mass cuts)
  [53/188] grnr=52  M~6.145e+12  R200~293 kpc  ...  26 candidate satellites  -> 11 kept (gas + stellar mass cuts)
  [54/188] grnr=53  M~7.524e+12  R200~314 kpc  ...  33 candidate satellites  -> 7 kept (gas + stellar mass cuts)
  [55/188] grnr=54  M~7.028e+12  R200~306 kpc  ...  58 candidate satellites  -> 7 kept (gas + stellar mass cuts)
  [56/188] grnr=55  M~5.950e+12  R200~290 kpc  ...  37 candidate satellites  -> 18 kept (gas + stellar mass cuts)
  [57/188] grnr=56  M~7.999e+12  R200~320 kpc  ...  85 candidate satellites  -> 9 kept (gas + stellar mass cuts)
  [58/188] grnr=57  M~1.103e+13  R200~356 kpc  ...  35 candidate satellites  -> 12 kept (gas + stellar mass cuts)
  [59/188] grnr=58  M~1.382e+13  R200~384 kpc  ...  35 candidate satellites  -> 6 kept (gas + stellar mass cuts)
  [60/188] grnr=59  M~8.502e+12  R200~327 kpc  ...  14 candidate satellites  -> 2 kept (gas + stellar mass cuts)
  → Saved 1370 galaxies (checkpoint: 60/188)
  [61/188] grnr=60  M~6.222e+12  R200~294 kpc  ...  29 candidate satellites  -> 7 kept (gas + stellar mass cuts)
  [62/188] grnr=61  M~1.732e+13  R200~414 kpc  ...  31 candidate satellites  -> 8 kept (gas + stellar mass cuts)
  [63/188] grnr=62  M~1.020e+13  R200~347 kpc  ...  10 candidate satellites  -> 3 kept (gas + stellar mass cuts)
  [64/188] grnr=63  M~5.023e+12  R200~274 kpc  ...  37 candidate satellites  -> 7 kept (gas + stellar mass cuts)
  [65/188] grnr=64  M~6.553e+12  R200~299 kpc  ...  22 candidate satellites  -> 3 kept (gas + stellar mass cuts)
  [66/188] grnr=65  M~6.947e+12  R200~305 kpc  ...  34 candidate satellites  -> 2 kept (gas + stellar mass cuts)
  [67/188] grnr=66  M~9.134e+12  R200~334 kpc  ...  38 candidate satellites  -> 7 kept (gas + stellar mass cuts)
  [68/188] grnr=67  M~5.599e+12  R200~284 kpc  ...  53 candidate satellites  -> 10 kept (gas + stellar mass cuts)
  [69/188] grnr=68  M~1.481e+13  R200~393 kpc  ...  15 candidate satellites  -> 10 kept (gas + stellar mass cuts)
  [70/188] grnr=69  M~6.380e+12  R200~297 kpc  ...  9 candidate satellites  -> 3 kept (gas + stellar mass cuts)
  → Saved 1430 galaxies (checkpoint: 70/188)
  [71/188] grnr=70  M~5.805e+12  R200~288 kpc  ...  15 candidate satellites  -> 7 kept (gas + stellar mass cuts)
  [72/188] grnr=71  M~5.269e+12  R200~278 kpc  ...  11 candidate satellites  -> 5 kept (gas + stellar mass cuts)
  [73/188] grnr=72  M~5.530e+12  R200~283 kpc  ...  18 candidate satellites  -> 3 kept (gas + stellar mass cuts)
  [74/188] grnr=73  M~4.997e+12  R200~274 kpc  ...  16 candidate satellites  -> 9 kept (gas + stellar mass cuts)
  [75/188] grnr=74  M~5.291e+12  R200~279 kpc  ...  24 candidate satellites  -> 8 kept (gas + stellar mass cuts)
  [76/188] grnr=75  M~6.837e+12  R200~304 kpc  ...Resuming from cluster 76/188 (checkpoint found)
Loaded 1430 galaxies from previous run
  [76/188] grnr=75  M~6.837e+12  R200~304 kpc  ...  35 candidate satellites  -> 8 kept (gas + stellar mass cuts)
  [77/188] grnr=76  M~4.059e+12  R200~255 kpc  ...  21 candidate satellites  -> 7 kept (gas + stellar mass cuts)
  [78/188] grnr=77  M~4.775e+12  R200~269 kpc  ...  9 candidate satellites  -> 7 kept (gas + stellar mass cuts)
  [79/188] grnr=78  M~3.224e+12  R200~236 kpc  ...  12 candidate satellites  -> 6 kept (gas + stellar mass cuts)
  [80/188] grnr=79  M~3.310e+12  R200~238 kpc  ...  23 candidate satellites  -> 4 kept (gas + stellar mass cuts)
  → Saved 1462 galaxies (checkpoint: 80/188)
  [81/188] grnr=80  M~6.595e+12  R200~300 kpc  ...  24 candidate satellites  -> 12 kept (gas + stellar mass cuts)
  [82/188] grnr=81  M~5.200e+12  R200~277 kpc  ...  33 candidate satellites  -> 6 kept (gas + stellar mass cuts)
  [83/188] grnr=82  M~1.529e+13  R200~397 kpc  ...  34 candidate satellites  -> 12 kept (gas + stellar mass cuts)
  [84/188] grnr=83  M~2.733e+12  R200~224 kpc  ...  15 candidate satellites  -> 6 kept (gas + stellar mass cuts)
  [85/188] grnr=84  M~4.058e+12  R200~255 kpc  ...  17 candidate satellites  -> 6 kept (gas + stellar mass cuts)
  [86/188] grnr=85  M~4.394e+12  R200~262 kpc  ...  20 candidate satellites  -> 4 kept (gas + stellar mass cuts)
  [87/188] grnr=86  M~7.466e+12  R200~313 kpc  ...  7 candidate satellites  -> 5 kept (gas + stellar mass cuts)
  [88/188] grnr=87  M~3.966e+12  R200~253 kpc  ...  27 candidate satellites  -> 6 kept (gas + stellar mass cuts)
  [89/188] grnr=88  M~4.695e+12  R200~268 kpc  ...  37 candidate satellites  -> 4 kept (gas + stellar mass cuts)
  [90/188] grnr=89  M~6.854e+12  R200~304 kpc  ...  26 candidate satellites  -> 4 kept (gas + stellar mass cuts)
  → Saved 1527 galaxies (checkpoint: 90/188)
  [91/188] grnr=90  M~1.280e+12  R200~174 kpc  ...  13 candidate satellites  -> 7 kept (gas + stellar mass cuts)
  [92/188] grnr=91  M~3.707e+12  R200~248 kpc  ...  47 candidate satellites  -> 10 kept (gas + stellar mass cuts)
  [93/188] grnr=92  M~4.210e+12  R200~258 kpc  ...  15 candidate satellites  -> 5 kept (gas + stellar mass cuts)
  [94/188] grnr=93  M~5.703e+12  R200~286 kpc  ...  7 candidate satellites  -> 1 kept (gas + stellar mass cuts)
  [95/188] grnr=94  M~3.442e+12  R200~242 kpc  ...  15 candidate satellites  -> 4 kept (gas + stellar mass cuts)
  [96/188] grnr=95  M~4.092e+12  R200~256 kpc  ...  23 candidate satellites  -> 6 kept (gas + stellar mass cuts)
  [97/188] grnr=96  M~4.361e+12  R200~261 kpc  ...  33 candidate satellites  -> 6 kept (gas + stellar mass cuts)
  [98/188] grnr=97  M~6.322e+12  R200~296 kpc  ...  16 candidate satellites  -> 5 kept (gas + stellar mass cuts)
  [99/188] grnr=98  M~3.859e+12  R200~251 kpc  ...  30 candidate satellites  -> 6 kept (gas + stellar mass cuts)
  [100/188] grnr=99  M~3.258e+12  R200~237 kpc  ...  43 candidate satellites  -> 8 kept (gas + stellar mass cuts)
  → Saved 1585 galaxies (checkpoint: 100/188)
  [101/188] grnr=100  M~3.822e+12  R200~250 kpc  ...  10 candidate satellites  -> 4 kept (gas + stellar mass cuts)
  [102/188] grnr=101  M~4.449e+12  R200~263 kpc  ...  14 candidate satellites  -> 2 kept (gas + stellar mass cuts)
  [103/188] grnr=102  M~6.520e+12  R200~299 kpc  ...  8 candidate satellites  -> 3 kept (gas + stellar mass cuts)
  [104/188] grnr=103  M~3.804e+12  R200~250 kpc  ...  27 candidate satellites  -> 7 kept (gas + stellar mass cuts)
  [105/188] grnr=104  M~4.192e+12  R200~258 kpc  ...  31 candidate satellites  -> 4 kept (gas + stellar mass cuts)
  [106/188] grnr=105  M~3.190e+12  R200~236 kpc  ...  21 candidate satellites  -> 4 kept (gas + stellar mass cuts)
  [107/188] grnr=106  M~3.645e+12  R200~246 kpc  ...  18 candidate satellites  -> 6 kept (gas + stellar mass cuts)
  [108/188] grnr=107  M~4.446e+12  R200~263 kpc  ...  15 candidate satellites  -> 1 kept (gas + stellar mass cuts)
  [109/188] grnr=108  M~2.860e+12  R200~227 kpc  ...  24 candidate satellites  -> 5 kept (gas + stellar mass cuts)
  [110/188] grnr=109  M~3.053e+12  R200~232 kpc  ...  25 candidate satellites  -> 2 kept (gas + stellar mass cuts)
  → Saved 1623 galaxies (checkpoint: 110/188)
  [111/188] grnr=110  M~3.831e+12  R200~250 kpc  ...  24 candidate satellites  -> 4 kept (gas + stellar mass cuts)
  [112/188] grnr=111  M~4.016e+13  R200~548 kpc  ...  13 candidate satellites  -> 4 kept (gas + stellar mass cuts)
  [113/188] grnr=112  M~1.835e+12  R200~196 kpc  ...  39 candidate satellites  -> 10 kept (gas + stellar mass cuts)
  [114/188] grnr=113  M~3.493e+12  R200~243 kpc  ...  40 candidate satellites  -> 4 kept (gas + stellar mass cuts)
  [115/188] grnr=114  M~1.663e+12  R200~190 kpc  ...  21 candidate satellites  -> 3 kept (gas + stellar mass cuts)
  [116/188] grnr=115  M~3.105e+12  R200~233 kpc  ...  12 candidate satellites  -> 2 kept (gas + stellar mass cuts)
  [117/188] grnr=116  M~9.017e+12  R200~333 kpc  ...  12 candidate satellites  -> 4 kept (gas + stellar mass cuts)
  [118/188] grnr=117  M~3.600e+12  R200~245 kpc  ...  19 candidate satellites  -> 4 kept (gas + stellar mass cuts)
  [119/188] grnr=118  M~2.736e+12  R200~224 kpc  ...  14 candidate satellites  -> 7 kept (gas + stellar mass cuts)
  [120/188] grnr=119  M~2.601e+12  R200~220 kpc  ...  15 candidate satellites  -> 4 kept (gas + stellar mass cuts)
  → Saved 1669 galaxies (checkpoint: 120/188)
  [121/188] grnr=120  M~2.580e+12  R200~219 kpc  ...  14 candidate satellites  -> 1 kept (gas + stellar mass cuts)
  [122/188] grnr=121  M~3.609e+12  R200~245 kpc  ...  11 candidate satellites  -> 3 kept (gas + stellar mass cuts)
  [123/188] grnr=122  M~1.582e+12  R200~186 kpc  ...Resuming from cluster 123/188 (checkpoint found)
Loaded 1669 galaxies from previous run
  [123/188] grnr=122  M~1.582e+12  R200~186 kpc  ...  17 candidate satellites  -> 5 kept (gas + stellar mass cuts)
  [124/188] grnr=123  M~3.481e+12  R200~242 kpc  ...  19 candidate satellites  -> 3 kept (gas + stellar mass cuts)
  [125/188] grnr=124  M~3.876e+12  R200~251 kpc  ...  13 candidate satellites  -> 3 kept (gas + stellar mass cuts)
  [126/188] grnr=125  M~2.374e+12  R200~213 kpc  ...  12 candidate satellites  -> 6 kept (gas + stellar mass cuts)
  [127/188] grnr=126  M~3.699e+12  R200~247 kpc  ...  27 candidate satellites  -> 5 kept (gas + stellar mass cuts)
  [128/188] grnr=127  M~3.256e+12  R200~237 kpc  ...  10 candidate satellites  -> 2 kept (gas + stellar mass cuts)
  [129/188] grnr=128  M~3.650e+12  R200~246 kpc  ...  11 candidate satellites  -> 2 kept (gas + stellar mass cuts)
  [130/188] grnr=129  M~2.974e+12  R200~230 kpc  ...  19 candidate satellites  -> 3 kept (gas + stellar mass cuts)
  → Saved 1698 galaxies (checkpoint: 130/188)
  [131/188] grnr=130  M~2.741e+12  R200~224 kpc  ...  13 candidate satellites  -> 4 kept (gas + stellar mass cuts)
  [132/188] grnr=131  M~3.372e+12  R200~240 kpc  ...  10 candidate satellites  -> 2 kept (gas + stellar mass cuts)
  [133/188] grnr=132  M~2.280e+12  R200~211 kpc  ...  22 candidate satellites  -> 6 kept (gas + stellar mass cuts)
  [134/188] grnr=133  M~2.505e+12  R200~217 kpc  ...  14 candidate satellites  -> 0 kept (gas + stellar mass cuts)
  [135/188] grnr=134  M~3.197e+12  R200~236 kpc  ...  15 candidate satellites  -> 2 kept (gas + stellar mass cuts)
  [136/188] grnr=135  M~3.182e+12  R200~235 kpc  ...  41 candidate satellites  -> 4 kept (gas + stellar mass cuts)
  [137/188] grnr=136  M~5.872e+12  R200~289 kpc  ...  2 candidate satellites  -> 0 kept (gas + stellar mass cuts)
  [138/188] grnr=137  M~1.928e+12  R200~199 kpc  ...  17 candidate satellites  -> 5 kept (gas + stellar mass cuts)
  [139/188] grnr=138  M~2.782e+12  R200~225 kpc  ...  9 candidate satellites  -> 1 kept (gas + stellar mass cuts)
  [140/188] grnr=139  M~4.925e+12  R200~272 kpc  ...  10 candidate satellites  -> 6 kept (gas + stellar mass cuts)
  → Saved 1728 galaxies (checkpoint: 140/188)
  [141/188] grnr=140  M~2.217e+12  R200~209 kpc  ...  20 candidate satellites  -> 6 kept (gas + stellar mass cuts)
  [142/188] grnr=141  M~1.440e+12  R200~181 kpc  ...  5 candidate satellites  -> 1 kept (gas + stellar mass cuts)
  [143/188] grnr=142  M~4.773e+12  R200~269 kpc  ...  19 candidate satellites  -> 2 kept (gas + stellar mass cuts)
  [144/188] grnr=143  M~3.263e+12  R200~237 kpc  ...  20 candidate satellites  -> 4 kept (gas + stellar mass cuts)
  [145/188] grnr=144  M~1.710e+12  R200~191 kpc  ...  28 candidate satellites  -> 4 kept (gas + stellar mass cuts)
  [146/188] grnr=145  M~1.059e+13  R200~351 kpc  ...  16 candidate satellites  -> 6 kept (gas + stellar mass cuts)
  [147/188] grnr=146  M~2.425e+12  R200~215 kpc  ...  10 candidate satellites  -> 1 kept (gas + stellar mass cuts)
  [148/188] grnr=147  M~2.341e+12  R200~212 kpc  ...  17 candidate satellites  -> 3 kept (gas + stellar mass cuts)
  [149/188] grnr=148  M~3.057e+12  R200~232 kpc  ...  13 candidate satellites  -> 2 kept (gas + stellar mass cuts)
  [150/188] grnr=149  M~2.068e+12  R200~204 kpc  ...  6 candidate satellites  -> 2 kept (gas + stellar mass cuts)
  → Saved 1759 galaxies (checkpoint: 150/188)
  [151/188] grnr=150  M~2.715e+12  R200~223 kpc  ...  12 candidate satellites  -> 3 kept (gas + stellar mass cuts)
  [152/188] grnr=151  M~2.424e+12  R200~215 kpc  ...  24 candidate satellites  -> 4 kept (gas + stellar mass cuts)
  [153/188] grnr=152  M~1.601e+12  R200~187 kpc  ...  22 candidate satellites  -> 7 kept (gas + stellar mass cuts)
  [154/188] grnr=153  M~2.764e+12  R200~224 kpc  ...  15 candidate satellites  -> 3 kept (gas + stellar mass cuts)
  [155/188] grnr=154  M~3.081e+12  R200~233 kpc  ...  7 candidate satellites  -> 1 kept (gas + stellar mass cuts)
  [156/188] grnr=155  M~2.186e+12  R200~208 kpc  ...  4 candidate satellites  -> 1 kept (gas + stellar mass cuts)
  [157/188] grnr=156  M~4.960e+12  R200~273 kpc  ...  18 candidate satellites  -> 7 kept (gas + stellar mass cuts)
  [158/188] grnr=157  M~2.606e+12  R200~220 kpc  ...  9 candidate satellites  -> 1 kept (gas + stellar mass cuts)
  [159/188] grnr=158  M~1.988e+12  R200~201 kpc  ...  25 candidate satellites  -> 4 kept (gas + stellar mass cuts)
  [160/188] grnr=159  M~3.052e+12  R200~232 kpc  ...  8 candidate satellites  -> 2 kept (gas + stellar mass cuts)
  → Saved 1792 galaxies (checkpoint: 160/188)
  [161/188] grnr=160  M~1.047e+12  R200~162 kpc  ...  20 candidate satellites  -> 4 kept (gas + stellar mass cuts)
  [162/188] grnr=161  M~1.850e+12  R200~196 kpc  ...  24 candidate satellites  -> 2 kept (gas + stellar mass cuts)
  [163/188] grnr=162  M~2.407e+12  R200~214 kpc  ...  13 candidate satellites  -> 3 kept (gas + stellar mass cuts)
  [164/188] grnr=163  M~2.546e+12  R200~218 kpc  ...  14 candidate satellites  -> 1 kept (gas + stellar mass cuts)
  [165/188] grnr=164  M~1.392e+12  R200~179 kpc  ...  17 candidate satellites  -> 3 kept (gas + stellar mass cuts)
  [166/188] grnr=165  M~2.866e+12  R200~227 kpc  ...  14 candidate satellites  -> 2 kept (gas + stellar mass cuts)
  [167/188] grnr=166  M~2.256e+12  R200~210 kpc  ...  26 candidate satellites  -> 8 kept (gas + stellar mass cuts)
  [168/188] grnr=167  M~1.886e+12  R200~198 kpc  ...  18 candidate satellites  -> 3 kept (gas + stellar mass cuts)
  [169/188] grnr=168  M~2.674e+12  R200~222 kpc  ...  8 candidate satellites  -> 2 kept (gas + stellar mass cuts)
  [170/188] grnr=169  M~2.317e+12  R200~212 kpc  ...  17 candidate satellites  -> 2 kept (gas + stellar mass cuts)
  → Saved 1822 galaxies (checkpoint: 170/188)
  [171/188] grnr=170  M~2.074e+12  R200~204 kpc  ...  12 candidate satellites  -> 1 kept (gas + stellar mass cuts)
  [172/188] grnr=171  M~2.009e+12  R200~202 kpc  ...Resuming from cluster 172/188 (checkpoint found)
Loaded 1822 galaxies from previous run
  [172/188] grnr=171  M~2.009e+12  R200~202 kpc  ...  11 candidate satellites  -> 4 kept (gas + stellar mass cuts)
  [173/188] grnr=172  M~2.077e+12  R200~204 kpc  ...  14 candidate satellites  -> 1 kept (gas + stellar mass cuts)
  [174/188] grnr=173  M~1.624e+12  R200~188 kpc  ...  8 candidate satellites  -> 2 kept (gas + stellar mass cuts)
  [175/188] grnr=174  M~2.360e+12  R200~213 kpc  ...  5 candidate satellites  -> 3 kept (gas + stellar mass cuts)
  [176/188] grnr=175  M~2.531e+12  R200~218 kpc  ...  12 candidate satellites  -> 4 kept (gas + stellar mass cuts)
  [177/188] grnr=176  M~3.546e+12  R200~244 kpc  ...  3 candidate satellites  -> 2 kept (gas + stellar mass cuts)
  [178/188] grnr=177  M~1.459e+12  R200~182 kpc  ...  13 candidate satellites  -> 4 kept (gas + stellar mass cuts)
  [179/188] grnr=178  M~1.985e+12  R200~201 kpc  ...  8 candidate satellites  -> 4 kept (gas + stellar mass cuts)
  [180/188] grnr=179  M~3.835e+12  R200~250 kpc  ...  7 candidate satellites  -> 5 kept (gas + stellar mass cuts)
  → Saved 1851 galaxies (checkpoint: 180/188)
  [181/188] grnr=180  M~2.308e+12  R200~212 kpc  ...  5 candidate satellites  -> 0 kept (gas + stellar mass cuts)
  [182/188] grnr=181  M~2.222e+12  R200~209 kpc  ...  13 candidate satellites  -> 2 kept (gas + stellar mass cuts)
  [183/188] grnr=182  M~2.600e+12  R200~220 kpc  ...  10 candidate satellites  -> 3 kept (gas + stellar mass cuts)
  [184/188] grnr=183  M~1.606e+12  R200~187 kpc  ...  7 candidate satellites  -> 1 kept (gas + stellar mass cuts)
  [185/188] grnr=184  M~2.331e+12  R200~212 kpc  ...  6 candidate satellites  -> 0 kept (gas + stellar mass cuts)
  [186/188] grnr=185  M~2.409e+12  R200~214 kpc  ...  12 candidate satellites  -> 2 kept (gas + stellar mass cuts)
  [187/188] grnr=186  M~2.370e+12  R200~213 kpc  ...  3 candidate satellites  -> 1 kept (gas + stellar mass cuts)
  [188/188] grnr=187  M~1.836e+12  R200~196 kpc  ...  15 candidate satellites  -> 3 kept (gas + stellar mass cuts)
  → Saved 1863 galaxies (checkpoint: 188/188)

============================================================
Total galaxies selected: 1863
Saved -> output/data/galaxy_list.csv
