Downloading vis.png images for 437 galaxies ...
  Fixed aperture: 200.0 kpc half-width (dynamic rViral factor per galaxy)
  Already done: 0, will skip
  [1/437] sub=5 grnr=0  size=0.0910 requesting vis.png ... OK  sig=1.000  DR=0.957  -> halo000000_sub0000005_z.png
  [2/437] sub=6 grnr=0  size=0.0910 requesting vis.png ... OK  sig=1.000  DR=0.583  -> halo000000_sub0000006_z.png
  [3/437] sub=8 grnr=0  size=0.0910 requesting vis.png ... OK  sig=1.000  DR=0.957  -> halo000000_sub0000008_z.png
  [4/437] sub=9 grnr=0  size=0.0910 requesting vis.png ... OK  sig=1.000  DR=0.613  -> halo000000_sub0000009_z.png
  [5/437] sub=10 grnr=0  size=0.0910 requesting vis.png ... OK  sig=1.000  DR=0.935  -> halo000000_sub0000010_z.png
  [6/437] sub=11 grnr=0  size=0.0910 requesting vis.png ... OK  sig=1.000  DR=0.932  -> halo000000_sub0000011_z.png
  [7/437] sub=13 grnr=0  size=0.0910 requesting vis.png ... OK  sig=1.000  DR=0.595  -> halo000000_sub0000013_z.png
  [8/437] sub=15 grnr=0  size=0.0910 requesting vis.png ... OK  sig=1.000  DR=0.932  -> halo000000_sub0000015_z.png
  [9/437] sub=16 grnr=0  size=0.0910 requesting vis.png ... OK  sig=1.000  DR=0.119  -> halo000000_sub0000016_z.png
  [10/437] sub=18 grnr=0  size=0.0910 requesting vis.png ... OK  sig=1.000  DR=0.935  -> halo000000_sub0000018_z.png
  [11/437] sub=19 grnr=0  size=0.0910 requesting vis.png ... OK  sig=1.000  DR=0.935  -> halo000000_sub0000019_z.png
  [12/437] sub=20 grnr=0  size=0.0910 requesting vis.png ... OK  sig=1.000  DR=0.924  -> halo000000_sub0000020_z.png
  [13/437] sub=30 grnr=0  size=0.0910 requesting vis.png ... OK  sig=1.000  DR=0.935  -> halo000000_sub0000030_z.png
  [14/437] sub=35 grnr=0  size=0.0910 requesting vis.png ... OK  sig=1.000  DR=0.935  -> halo000000_sub0000035_z.png
  [15/437] sub=37 grnr=0  size=0.0910 requesting vis.png ... OK  sig=1.000  DR=0.935  -> halo000000_sub0000037_z.png
  [16/437] sub=41 grnr=0  size=0.0910 requesting vis.png ... OK  sig=1.000  DR=0.932  -> halo000000_sub0000041_z.png
  [17/437] sub=43 grnr=0  size=0.0910 requesting vis.png ... OK  sig=1.000  DR=0.932  -> halo000000_sub0000043_z.png
  [18/437] sub=45 grnr=0  size=0.0910 requesting vis.png ... OK  sig=1.000  DR=0.935  -> halo000000_sub0000045_z.png
  [19/437] sub=46 grnr=0  size=0.0910 requesting vis.png ... OK  sig=1.000  DR=0.932  -> halo000000_sub0000046_z.png
  [20/437] sub=68 grnr=0  size=0.0910 requesting vis.png ... OK  sig=1.000  DR=0.935  -> halo000000_sub0000068_z.png
  [21/437] sub=75 grnr=0  size=0.0910 requesting vis.png ... OK  sig=1.000  DR=0.932  -> halo000000_sub0000075_z.png
  [22/437] sub=81 grnr=0  size=0.0910 requesting vis.png ... OK  sig=1.000  DR=0.932  -> halo000000_sub0000081_z.png
  [23/437] sub=83 grnr=0  size=0.0910 requesting vis.png ... OK  sig=1.000  DR=0.935  -> halo000000_sub0000083_z.png
  [24/437] sub=85 grnr=0  size=0.0910 requesting vis.png ... OK  sig=1.000  DR=0.935  -> halo000000_sub0000085_z.png
  [25/437] sub=88 grnr=0  size=0.0910 requesting vis.png ... OK  sig=1.000  DR=0.932  -> halo000000_sub0000088_z.png
  [26/437] sub=91 grnr=0  size=0.0910 requesting vis.png ... OK  sig=1.000  DR=0.935  -> halo000000_sub0000091_z.png
  [27/437] sub=95 grnr=0  size=0.0910 requesting vis.png ... OK  sig=1.000  DR=0.935  -> halo000000_sub0000095_z.png
  [28/437] sub=98 grnr=0  size=0.0910 requesting vis.png ... OK  sig=1.000  DR=0.932  -> halo000000_sub0000098_z.png
  [29/437] sub=103 grnr=0  size=0.0910 requesting vis.png ... OK  sig=1.000  DR=0.608  -> halo000000_sub0000103_z.png
  [30/437] sub=120 grnr=0  size=0.0910 requesting vis.png ... OK  sig=1.000  DR=0.932  -> halo000000_sub0000120_z.png
  [31/437] sub=128 grnr=0  size=0.0910 requesting vis.png ... OK  sig=1.000  DR=0.614  -> halo000000_sub0000128_z.png
  [32/437] sub=129 grnr=0  size=0.0910 requesting vis.png ... OK  sig=1.000  DR=0.932  -> halo000000_sub0000129_z.png
  [33/437] sub=130 grnr=0  size=0.0910 requesting vis.png ... OK  sig=1.000  DR=0.597  -> halo000000_sub0000130_z.png
  [34/437] sub=139 grnr=0  size=0.0910 requesting vis.png ... OK  sig=1.000  DR=0.932  -> halo000000_sub0000139_z.png
  [35/437] sub=145 grnr=0  size=0.0910 requesting vis.png ... OK  sig=1.000  DR=0.932  -> halo000000_sub0000145_z.png
  [36/437] sub=157 grnr=0  size=0.0910 requesting vis.png ... OK  sig=1.000  DR=0.932  -> halo000000_sub0000157_z.png
  [37/437] sub=169 grnr=0  size=0.0910 requesting vis.png ... OK  sig=1.000  DR=0.932  -> halo000000_sub0000169_z.png
  [38/437] sub=175 grnr=0  size=0.0910 requesting vis.png ... OK  sig=1.000  DR=0.932  -> halo000000_sub0000175_z.png
  [39/437] sub=178 grnr=0  size=0.0910 requesting vis.png ... OK  sig=1.000  DR=0.932  -> halo000000_sub0000178_z.png
  [40/437] sub=179 grnr=0  size=0.0910 requesting vis.png ... OK  sig=1.000  DR=0.932  -> halo000000_sub0000179_z.png
  [41/437] sub=180 grnr=0  size=0.0910 requesting vis.png ... OK  sig=1.000  DR=0.932  -> halo000000_sub0000180_z.png
  [42/437] sub=186 grnr=0  size=0.0910 requesting vis.png ... OK  sig=1.000  DR=0.932  -> halo000000_sub0000186_z.png
  [43/437] sub=193 grnr=0  size=0.0910 requesting vis.png ... OK  sig=1.000  DR=0.593  -> halo000000_sub0000193_z.png
  [44/437] sub=194 grnr=0  size=0.0910 requesting vis.png ... OK  sig=1.000  DR=0.932  -> halo000000_sub0000194_z.png
  [45/437] sub=197 grnr=0  size=0.0910 requesting vis.png ... OK  sig=1.000  DR=0.932  -> halo000000_sub0000197_z.png
  [46/437] sub=199 grnr=0  size=0.0910 requesting vis.png ... OK  sig=1.000  DR=0.963  -> halo000000_sub0000199_z.png
  [47/437] sub=202 grnr=0  size=0.0910 requesting vis.png ... OK  sig=1.000  DR=0.593  -> halo000000_sub0000202_z.png
  [48/437] sub=206 grnr=0  size=0.0910 requesting vis.png ... OK  sig=1.000  DR=0.595  -> halo000000_sub0000206_z.png
  [49/437] sub=207 grnr=0  size=0.0910 requesting vis.png ... OK  sig=1.000  DR=0.607  -> halo000000_sub0000207_z.png
  [50/437] sub=211 grnr=0  size=0.0910 requesting vis.png ... OK  sig=1.000  DR=0.932  -> halo000000_sub0000211_z.png
  [51/437] sub=212 grnr=0  size=0.0910 requesting vis.png ... OK  sig=1.000  DR=0.922  -> halo000000_sub0000212_z.png
  [52/437] sub=213 grnr=0  size=0.0910 requesting vis.png ... OK  sig=1.000  DR=0.593  -> halo000000_sub0000213_z.png
  [53/437] sub=214 grnr=0  size=0.0910 requesting vis.png ... OK  sig=1.000  DR=0.932  -> halo000000_sub0000214_z.png
  [54/437] sub=219 grnr=0  size=0.0910 requesting vis.png ... OK  sig=1.000  DR=0.593  -> halo000000_sub0000219_z.png
  [55/437] sub=245 grnr=0  size=0.0910 requesting vis.png ... OK  sig=1.000  DR=0.932  -> halo000000_sub0000245_z.png
  [56/437] sub=250 grnr=0  size=0.0910 requesting vis.png ... OK  sig=1.000  DR=0.932  -> halo000000_sub0000250_z.png
  [57/437] sub=252 grnr=0  size=0.0910 requesting vis.png ... OK  sig=1.000  DR=0.932  -> halo000000_sub0000252_z.png
  [58/437] sub=254 grnr=0  size=0.0910 requesting vis.png ... OK  sig=1.000  DR=0.932  -> halo000000_sub0000254_z.png
  [59/437] sub=287 grnr=0  size=0.0910 requesting vis.png ... OK  sig=1.000  DR=0.593  -> halo000000_sub0000287_z.png
  [60/437] sub=297 grnr=0  size=0.0910 requesting vis.png ... OK  sig=1.000  DR=0.605  -> halo000000_sub0000297_z.png
  [61/437] sub=302 grnr=0  size=0.0910 requesting vis.png ... OK  sig=1.000  DR=0.932  -> halo000000_sub0000302_z.png
  [62/437] sub=303 grnr=0  size=0.0910 requesting vis.png ... OK  sig=1.000  DR=0.593  -> halo000000_sub0000303_z.png
  [63/437] sub=307 grnr=0  size=0.0910 requesting vis.png ... OK  sig=1.000  DR=0.932  -> halo000000_sub0000307_z.png
  [64/437] sub=314 grnr=0  size=0.0910 requesting vis.png ... OK  sig=1.000  DR=0.595  -> halo000000_sub0000314_z.png
  [65/437] sub=318 grnr=0  size=0.0910 requesting vis.png ... OK  sig=1.000  DR=0.603  -> halo000000_sub0000318_z.png
  [66/437] sub=322 grnr=0  size=0.0910 requesting vis.png ... OK  sig=1.000  DR=0.593  -> halo000000_sub0000322_z.png
  [67/437] sub=329 grnr=0  size=0.0910 requesting vis.png ... OK  sig=1.000  DR=0.932  -> halo000000_sub0000329_z.png
  [68/437] sub=333 grnr=0  size=0.0910 requesting vis.png ... OK  sig=1.000  DR=0.612  -> halo000000_sub0000333_z.png
  [69/437] sub=334 grnr=0  size=0.0910 requesting vis.png ... OK  sig=1.000  DR=0.593  -> halo000000_sub0000334_z.png
  [70/437] sub=336 grnr=0  size=0.0910 requesting vis.png ... OK  sig=1.000  DR=0.593  -> halo000000_sub0000336_z.png
  [71/437] sub=338 grnr=0  size=0.0910 requesting vis.png ... OK  sig=1.000  DR=0.932  -> halo000000_sub0000338_z.png
  [72/437] sub=339 grnr=0  size=0.0910 requesting vis.png ... OK  sig=1.000  DR=0.595  -> halo000000_sub0000339_z.png
  [73/437] sub=340 grnr=0  size=0.0910 requesting vis.png ... OK  sig=1.000  DR=0.932  -> halo000000_sub0000340_z.png
  [74/437] sub=341 grnr=0  size=0.0910 requesting vis.png ... OK  sig=1.000  DR=0.932  -> halo000000_sub0000341_z.png
  [75/437] sub=343 grnr=0  size=0.0910 requesting vis.png ... OK  sig=1.000  DR=0.593  -> halo000000_sub0000343_z.png
  [76/437] sub=349 grnr=0  size=0.0910 requesting vis.png ... OK  sig=1.000  DR=0.932  -> halo000000_sub0000349_z.png
  [77/437] sub=351 grnr=0  size=0.0910 requesting vis.png ... OK  sig=1.000  DR=0.593  -> halo000000_sub0000351_z.png
  [78/437] sub=352 grnr=0  size=0.0910 requesting vis.png ... OK  sig=1.000  DR=0.932  -> halo000000_sub0000352_z.png
  [79/437] sub=358 grnr=0  size=0.0910 requesting vis.png ... OK  sig=1.000  DR=0.932  -> halo000000_sub0000358_z.png
  [80/437] sub=364 grnr=0  size=0.0910 requesting vis.png ... OK  sig=1.000  DR=0.932  -> halo000000_sub0000364_z.png
  [81/437] sub=370 grnr=0  size=0.0910 requesting vis.png ... OK  sig=1.000  DR=0.596  -> halo000000_sub0000370_z.png
  [82/437] sub=377 grnr=0  size=0.0910 requesting vis.png ... OK  sig=1.000  DR=0.593  -> halo000000_sub0000377_z.png
  [83/437] sub=388 grnr=0  size=0.0910 requesting vis.png ... OK  sig=1.000  DR=0.613  -> halo000000_sub0000388_z.png
  [84/437] sub=398 grnr=0  size=0.0910 requesting vis.png ... OK  sig=1.000  DR=0.932  -> halo000000_sub0000398_z.png
  [85/437] sub=399 grnr=0  size=0.0910 requesting vis.png ... OK  sig=1.000  DR=0.932  -> halo000000_sub0000399_z.png
  [86/437] sub=409 grnr=0  size=0.0910 requesting vis.png ... OK  sig=1.000  DR=0.932  -> halo000000_sub0000409_z.png
  [87/437] sub=411 grnr=0  size=0.0910 requesting vis.png ... OK  sig=1.000  DR=0.932  -> halo000000_sub0000411_z.png
  [88/437] sub=416 grnr=0  size=0.0910 requesting vis.png ... OK  sig=1.000  DR=0.932  -> halo000000_sub0000416_z.png
  [89/437] sub=420 grnr=0  size=0.0910 requesting vis.png ... OK  sig=1.000  DR=0.932  -> halo000000_sub0000420_z.png
  [90/437] sub=425 grnr=0  size=0.0910 requesting vis.png ... OK  sig=1.000  DR=0.610  -> halo000000_sub0000425_z.png
  [91/437] sub=430 grnr=0  size=0.0910 requesting vis.png ... OK  sig=1.000  DR=0.600  -> halo000000_sub0000430_z.png
  [92/437] sub=437 grnr=0  size=0.0910 requesting vis.png ... OK  sig=1.000  DR=0.593  -> halo000000_sub0000437_z.png
  [93/437] sub=440 grnr=0  size=0.0910 requesting vis.png ... OK  sig=1.000  DR=0.596  -> halo000000_sub0000440_z.png
  [94/437] sub=442 grnr=0  size=0.0910 requesting vis.png ... OK  sig=1.000  DR=0.593  -> halo000000_sub0000442_z.png
  [95/437] sub=445 grnr=0  size=0.0910 requesting vis.png ... OK  sig=1.000  DR=0.932  -> halo000000_sub0000445_z.png
  [96/437] sub=457 grnr=0  size=0.0910 requesting vis.png ... OK  sig=1.000  DR=0.597  -> halo000000_sub0000457_z.png
  [97/437] sub=460 grnr=0  size=0.0910 requesting vis.png ... OK  sig=1.000  DR=0.599  -> halo000000_sub0000460_z.png
  [98/437] sub=467 grnr=0  size=0.0910 requesting vis.png ... OK  sig=1.000  DR=0.593  -> halo000000_sub0000467_z.png
  [99/437] sub=470 grnr=0  size=0.0910 requesting vis.png ... OK  sig=1.000  DR=0.932  -> halo000000_sub0000470_z.png
  [100/437] sub=477 grnr=0  size=0.0910 requesting vis.png ... OK  sig=1.000  DR=0.932  -> halo000000_sub0000477_z.png
  [101/437] sub=481 grnr=0  size=0.0910 requesting vis.png ... OK  sig=1.000  DR=0.593  -> halo000000_sub0000481_z.png
  [102/437] sub=487 grnr=0  size=0.0910 requesting vis.png ... OK  sig=1.000  DR=0.614  -> halo000000_sub0000487_z.png
  [103/437] sub=489 grnr=0  size=0.0910 requesting vis.png ... OK  sig=1.000  DR=0.593  -> halo000000_sub0000489_z.png
  [104/437] sub=491 grnr=0  size=0.0910 requesting vis.png ... OK  sig=1.000  DR=0.932  -> halo000000_sub0000491_z.png
  [105/437] sub=493 grnr=0  size=0.0910 requesting vis.png ... OK  sig=1.000  DR=0.593  -> halo000000_sub0000493_z.png
  [106/437] sub=497 grnr=0  size=0.0910 requesting vis.png ... OK  sig=1.000  DR=0.607  -> halo000000_sub0000497_z.png
  [107/437] sub=509 grnr=0  size=0.0910 requesting vis.png ... OK  sig=1.000  DR=0.595  -> halo000000_sub0000509_z.png
  [108/437] sub=510 grnr=0  size=0.0910 requesting vis.png ... OK  sig=1.000  DR=0.593  -> halo000000_sub0000510_z.png
  [109/437] sub=515 grnr=0  size=0.0910 requesting vis.png ... OK  sig=1.000  DR=0.963  -> halo000000_sub0000515_z.png
  [110/437] sub=523 grnr=0  size=0.0910 requesting vis.png ... OK  sig=1.000  DR=0.608  -> halo000000_sub0000523_z.png
  [111/437] sub=527 grnr=0  size=0.0910 requesting vis.png ... OK  sig=1.000  DR=0.612  -> halo000000_sub0000527_z.png
  [112/437] sub=528 grnr=0  size=0.0910 requesting vis.png ... OK  sig=1.000  DR=0.600  -> halo000000_sub0000528_z.png
  [113/437] sub=541 grnr=0  size=0.0910 requesting vis.png ... OK  sig=1.000  DR=0.932  -> halo000000_sub0000541_z.png
  [114/437] sub=542 grnr=0  size=0.0910 requesting vis.png ... OK  sig=1.000  DR=0.932  -> halo000000_sub0000542_z.png
  [115/437] sub=560 grnr=0  size=0.0910 requesting vis.png ... OK  sig=1.000  DR=0.593  -> halo000000_sub0000560_z.png
  [116/437] sub=565 grnr=0  size=0.0910 requesting vis.png ... OK  sig=1.000  DR=0.963  -> halo000000_sub0000565_z.png
  [117/437] sub=566 grnr=0  size=0.0910 requesting vis.png ... OK  sig=1.000  DR=0.932  -> halo000000_sub0000566_z.png
  [118/437] sub=569 grnr=0  size=0.0910 requesting vis.png ... OK  sig=1.000  DR=0.932  -> halo000000_sub0000569_z.png
  [119/437] sub=570 grnr=0  size=0.0910 requesting vis.png ... OK  sig=1.000  DR=0.593  -> halo000000_sub0000570_z.png
  [120/437] sub=576 grnr=0  size=0.0910 requesting vis.png ... OK  sig=1.000  DR=0.593  -> halo000000_sub0000576_z.png
  [121/437] sub=601 grnr=0  size=0.0910 requesting vis.png ... OK  sig=1.000  DR=0.597  -> halo000000_sub0000601_z.png
  [122/437] sub=612 grnr=0  size=0.0910 requesting vis.png ... OK  sig=1.000  DR=0.932  -> halo000000_sub0000612_z.png
  [123/437] sub=613 grnr=0  size=0.0910 requesting vis.png ... OK  sig=1.000  DR=0.607  -> halo000000_sub0000613_z.png
  [124/437] sub=625 grnr=0  size=0.0910 requesting vis.png ... OK  sig=1.000  DR=0.593  -> halo000000_sub0000625_z.png
  [125/437] sub=635 grnr=0  size=0.0910 requesting vis.png ... OK  sig=1.000  DR=0.932  -> halo000000_sub0000635_z.png
  [126/437] sub=648 grnr=0  size=0.0910 requesting vis.png ... OK  sig=1.000  DR=0.932  -> halo000000_sub0000648_z.png
  [127/437] sub=666 grnr=0  size=0.0910 requesting vis.png ... OK  sig=1.000  DR=0.607  -> halo000000_sub0000666_z.png
  [128/437] sub=671 grnr=0  size=0.0910 requesting vis.png ... OK  sig=1.000  DR=0.932  -> halo000000_sub0000671_z.png
  [129/437] sub=680 grnr=0  size=0.0910 requesting vis.png ... OK  sig=1.000  DR=0.963  -> halo000000_sub0000680_z.png
  [130/437] sub=688 grnr=0  size=0.0910 requesting vis.png ... OK  sig=1.000  DR=0.932  -> halo000000_sub0000688_z.png
  [131/437] sub=691 grnr=0  size=0.0910 requesting vis.png ... OK  sig=1.000  DR=0.963  -> halo000000_sub0000691_z.png
  [132/437] sub=693 grnr=0  size=0.0910 requesting vis.png ... OK  sig=1.000  DR=0.932  -> halo000000_sub0000693_z.png
  [133/437] sub=703 grnr=0  size=0.0910 requesting vis.png ... OK  sig=1.000  DR=0.600  -> halo000000_sub0000703_z.png
  [134/437] sub=704 grnr=0  size=0.0910 requesting vis.png ... OK  sig=1.000  DR=0.593  -> halo000000_sub0000704_z.png
  [135/437] sub=741 grnr=0  size=0.0910 requesting vis.png ... OK  sig=1.000  DR=0.593  -> halo000000_sub0000741_z.png
  [136/437] sub=764 grnr=0  size=0.0910 requesting vis.png ... FAILED
    requests.exceptions.HTTPError: 500 Server Error: Internal Server Error for url: https://data-eu.tng-project.org/vis/subhalo/TNG-Cluster/99/764/png/?partType=gas&partField=dens&method=sphMap_subhalo&size=0.090979&sizeType=rViral&depthFac=1&token=31fb1f30a4e928be594f
  [137/437] sub=794 grnr=0  size=0.0910 requesting vis.png ... OK  sig=1.000  DR=0.932  -> halo000000_sub0000794_z.png
  [138/437] sub=798 grnr=0  size=0.0910 requesting vis.png ... OK  sig=1.000  DR=0.605  -> halo000000_sub0000798_z.png
  [139/437] sub=810 grnr=0  size=0.0910 requesting vis.png ... OK  sig=1.000  DR=0.595  -> halo000000_sub0000810_z.png
  [140/437] sub=817 grnr=0  size=0.0910 requesting vis.png ... OK  sig=1.000  DR=0.932  -> halo000000_sub0000817_z.png
  [141/437] sub=823 grnr=0  size=0.0910 requesting vis.png ... OK  sig=1.000  DR=0.932  -> halo000000_sub0000823_z.png
  [142/437] sub=855 grnr=0  size=0.0910 requesting vis.png ... OK  sig=1.000  DR=0.932  -> halo000000_sub0000855_z.png
  [143/437] sub=856 grnr=0  size=0.0910 requesting vis.png ... OK  sig=1.000  DR=0.932  -> halo000000_sub0000856_z.png
  [144/437] sub=876 grnr=0  size=0.0910 requesting vis.png ... OK  sig=1.000  DR=0.613  -> halo000000_sub0000876_z.png
  [145/437] sub=912 grnr=0  size=0.0910 requesting vis.png ... OK  sig=1.000  DR=0.603  -> halo000000_sub0000912_z.png
  [146/437] sub=941 grnr=0  size=0.0910 requesting vis.png ... OK  sig=1.000  DR=0.593  -> halo000000_sub0000941_z.png
  [147/437] sub=966 grnr=0  size=0.0910 requesting vis.png ... OK  sig=1.000  DR=0.932  -> halo000000_sub0000966_z.png
  [148/437] sub=971 grnr=0  size=0.0910 requesting vis.png ... OK  sig=1.000  DR=0.607  -> halo000000_sub0000971_z.png
  [149/437] sub=1014 grnr=0  size=0.0910 requesting vis.png ... OK  sig=1.000  DR=0.608  -> halo000000_sub0001014_z.png
  [150/437] sub=1045 grnr=0  size=0.0910 requesting vis.png ... OK  sig=1.000  DR=0.596  -> halo000000_sub0001045_z.png
  [151/437] sub=1047 grnr=0  size=0.0910 requesting vis.png ... FAILED
    requests.exceptions.HTTPError: 500 Server Error: Internal Server Error for url: https://data-eu.tng-project.org/vis/subhalo/TNG-Cluster/99/1047/png/?partType=gas&partField=dens&method=sphMap_subhalo&size=0.090979&sizeType=rViral&depthFac=1&token=eebdccc9b3f8376b4f82
  [152/437] sub=1072 grnr=0  size=0.0910 requesting vis.png ... OK  sig=1.000  DR=0.593  -> halo000000_sub0001072_z.png
  [153/437] sub=1110 grnr=0  size=0.0910 requesting vis.png ... OK  sig=1.000  DR=0.932  -> halo000000_sub0001110_z.png
  [154/437] sub=1132 grnr=0  size=0.0910 requesting vis.png ... OK  sig=1.000  DR=0.596  -> halo000000_sub0001132_z.png
  [155/437] sub=1161 grnr=0  size=0.0910 requesting vis.png ... OK  sig=1.000  DR=0.932  -> halo000000_sub0001161_z.png
  [156/437] sub=1167 grnr=0  size=0.0910 requesting vis.png ... OK  sig=1.000  DR=0.593  -> halo000000_sub0001167_z.png
  [157/437] sub=1195 grnr=0  size=0.0910 requesting vis.png ... OK  sig=1.000  DR=0.593  -> halo000000_sub0001195_z.png
  [158/437] sub=1201 grnr=0  size=0.0910 requesting vis.png ... OK  sig=1.000  DR=0.603  -> halo000000_sub0001201_z.png
  [159/437] sub=1281 grnr=0  size=0.0910 requesting vis.png ... OK  sig=1.000  DR=0.932  -> halo000000_sub0001281_z.png
  [160/437] sub=1442 grnr=0  size=0.0910 requesting vis.png ... OK  sig=1.000  DR=0.604  -> halo000000_sub0001442_z.png
  [161/437] sub=1445 grnr=0  size=0.0910 requesting vis.png ... FAILED
    requests.exceptions.HTTPError: 500 Server Error: Internal Server Error for url: https://data-eu.tng-project.org/vis/subhalo/TNG-Cluster/99/1445/png/?partType=gas&partField=dens&method=sphMap_subhalo&size=0.090979&sizeType=rViral&depthFac=1&token=cbd5894ac66f94fa87ce
  [162/437] sub=1628 grnr=0  size=0.0910 requesting vis.png ... OK  sig=1.000  DR=0.932  -> halo000000_sub0001628_z.png
  [163/437] sub=1682 grnr=0  size=0.0910 requesting vis.png ... OK  sig=1.000  DR=0.932  -> halo000000_sub0001682_z.png
  [164/437] sub=1683 grnr=0  size=0.0910 requesting vis.png ... OK  sig=1.000  DR=0.600  -> halo000000_sub0001683_z.png
  [165/437] sub=1688 grnr=0  size=0.0910 requesting vis.png ... OK  sig=1.000  DR=0.932  -> halo000000_sub0001688_z.png
  [166/437] sub=1842 grnr=0  size=0.0910 requesting vis.png ... OK  sig=1.000  DR=0.612  -> halo000000_sub0001842_z.png
  [167/437] sub=1849 grnr=0  size=0.0910 requesting vis.png ... OK  sig=1.000  DR=0.932  -> halo000000_sub0001849_z.png
  [168/437] sub=1976 grnr=0  size=0.0910 requesting vis.png ... OK  sig=1.000  DR=0.932  -> halo000000_sub0001976_z.png
  [169/437] sub=23207 grnr=1  size=0.3486 requesting vis.png ... OK  sig=1.000  DR=0.593  -> halo000001_sub0023207_z.png
  [170/437] sub=23209 grnr=1  size=0.3486 requesting vis.png ... OK  sig=1.000  DR=0.932  -> halo000001_sub0023209_z.png
  [171/437] sub=23210 grnr=1  size=0.3486 requesting vis.png ... OK  sig=1.000  DR=0.613  -> halo000001_sub0023210_z.png
  [172/437] sub=23212 grnr=1  size=0.3486 requesting vis.png ... OK  sig=1.000  DR=0.599  -> halo000001_sub0023212_z.png
  [173/437] sub=23213 grnr=1  size=0.3486 requesting vis.png ... OK  sig=1.000  DR=0.610  -> halo000001_sub0023213_z.png
  [174/437] sub=23214 grnr=1  size=0.3486 requesting vis.png ... OK  sig=1.000  DR=0.617  -> halo000001_sub0023214_z.png
  [175/437] sub=23218 grnr=1  size=0.3486 requesting vis.png ... OK  sig=1.000  DR=0.610  -> halo000001_sub0023218_z.png
  [176/437] sub=23219 grnr=1  size=0.3486 requesting vis.png ... OK  sig=1.000  DR=0.616  -> halo000001_sub0023219_z.png
  [177/437] sub=23221 grnr=1  size=0.3486 requesting vis.png ... OK  sig=1.000  DR=0.592  -> halo000001_sub0023221_z.png
  [178/437] sub=23222 grnr=1  size=0.3486 requesting vis.png ... OK  sig=1.000  DR=0.600  -> halo000001_sub0023222_z.png
  [179/437] sub=23223 grnr=1  size=0.3486 requesting vis.png ... OK  sig=1.000  DR=0.593  -> halo000001_sub0023223_z.png
  [180/437] sub=23226 grnr=1  size=0.3486 requesting vis.png ... OK  sig=1.000  DR=0.592  -> halo000001_sub0023226_z.png
  [181/437] sub=23227 grnr=1  size=0.3486 requesting vis.png ... OK  sig=1.000  DR=0.597  -> halo000001_sub0023227_z.png
  [182/437] sub=23229 grnr=1  size=0.3486 requesting vis.png ... OK  sig=1.000  DR=0.597  -> halo000001_sub0023229_z.png
  [183/437] sub=23234 grnr=1  size=0.3486 requesting vis.png ... OK  sig=1.000  DR=0.592  -> halo000001_sub0023234_z.png
  [184/437] sub=23235 grnr=1  size=0.3486 requesting vis.png ... OK  sig=1.000  DR=0.599  -> halo000001_sub0023235_z.png
  [185/437] sub=23236 grnr=1  size=0.3486 requesting vis.png ... OK  sig=1.000  DR=0.601  -> halo000001_sub0023236_z.png
  [186/437] sub=23242 grnr=1  size=0.3486 requesting vis.png ... OK  sig=1.000  DR=0.601  -> halo000001_sub0023242_z.png
  [187/437] sub=23243 grnr=1  size=0.3486 requesting vis.png ... FAILED
    requests.exceptions.HTTPError: 500 Server Error: Internal Server Error for url: https://data-eu.tng-project.org/vis/subhalo/TNG-Cluster/99/23243/png/?partType=gas&partField=dens&method=sphMap_subhalo&size=0.348614&sizeType=rViral&depthFac=1&token=b0f007a6893f910ced6d
  [188/437] sub=23244 grnr=1  size=0.3486 requesting vis.png ... OK  sig=1.000  DR=0.928  -> halo000001_sub0023244_z.png
  [189/437] sub=23245 grnr=1  size=0.3486 requesting vis.png ... OK  sig=1.000  DR=0.616  -> halo000001_sub0023245_z.png
  [190/437] sub=23246 grnr=1  size=0.3486 requesting vis.png ... OK  sig=1.000  DR=0.592  -> halo000001_sub0023246_z.png
  [191/437] sub=23247 grnr=1  size=0.3486 requesting vis.png ... OK  sig=1.000  DR=0.595  -> halo000001_sub0023247_z.png
  [192/437] sub=23250 grnr=1  size=0.3486 requesting vis.png ... OK  sig=1.000  DR=0.592  -> halo000001_sub0023250_z.png
  [193/437] sub=23252 grnr=1  size=0.3486 requesting vis.png ... OK  sig=1.000  DR=0.601  -> halo000001_sub0023252_z.png
  [194/437] sub=23255 grnr=1  size=0.3486 requesting vis.png ... FAILED
    requests.exceptions.HTTPError: 500 Server Error: Internal Server Error for url: https://data-eu.tng-project.org/vis/subhalo/TNG-Cluster/99/23255/png/?partType=gas&partField=dens&method=sphMap_subhalo&size=0.348614&sizeType=rViral&depthFac=1&token=680dffa745aa79b16a0e
  [195/437] sub=23256 grnr=1  size=0.3486 requesting vis.png ... OK  sig=1.000  DR=0.604  -> halo000001_sub0023256_z.png
  [196/437] sub=23260 grnr=1  size=0.3486 requesting vis.png ... OK  sig=1.000  DR=0.604  -> halo000001_sub0023260_z.png
  [197/437] sub=23262 grnr=1  size=0.3486 requesting vis.png ... OK  sig=1.000  DR=0.603  -> halo000001_sub0023262_z.png
  [198/437] sub=23265 grnr=1  size=0.3486 requesting vis.png ... OK  sig=1.000  DR=0.613  -> halo000001_sub0023265_z.png
  [199/437] sub=23287 grnr=1  size=0.3486 requesting vis.png ... OK  sig=1.000  DR=0.928  -> halo000001_sub0023287_z.png
  [200/437] sub=23291 grnr=1  size=0.3486 requesting vis.png ... OK  sig=1.000  DR=0.604  -> halo000001_sub0023291_z.png
  [201/437] sub=23313 grnr=1  size=0.3486 requesting vis.png ... FAILED
    requests.exceptions.HTTPError: 500 Server Error: Internal Server Error for url: https://data-eu.tng-project.org/vis/subhalo/TNG-Cluster/99/23313/png/?partType=gas&partField=dens&method=sphMap_subhalo&size=0.348614&sizeType=rViral&depthFac=1&token=ad31f20463788bd1b3f8
  [202/437] sub=23317 grnr=1  size=0.3486 requesting vis.png ... OK  sig=1.000  DR=0.928  -> halo000001_sub0023317_z.png
  [203/437] sub=23443 grnr=1  size=0.3486 requesting vis.png ... 