Downloading vis.png images for 528 galaxies ...
  Fixed aperture: 200.0 kpc half-width
  Already done: 186, will skip
  Using 8 parallel workers for faster processing
  [1/342] sub=23245 grnr=1  OK  sig=1.000  DR=0.616  -> halo000001_sub0023245_z.png
  [2/342] sub=23247 grnr=1  OK  sig=1.000  DR=0.595  -> halo000001_sub0023247_z.png
  [3/342] sub=23250 grnr=1  OK  sig=1.000  DR=0.592  -> halo000001_sub0023250_z.png
  [4/342] sub=23246 grnr=1  OK  sig=1.000  DR=0.592  -> halo000001_sub0023246_z.png
  [5/342] sub=23252 grnr=1  OK  sig=1.000  DR=0.601  -> halo000001_sub0023252_z.png
  [6/342] sub=23256 grnr=1  OK  sig=1.000  DR=0.604  -> halo000001_sub0023256_z.png
  [7/342] sub=23244 grnr=1  OK  sig=1.000  DR=0.928  -> halo000001_sub0023244_z.png
  [8/342] sub=23260 grnr=1  OK  sig=1.000  DR=0.604  -> halo000001_sub0023260_z.png
  [9/342] sub=23262 grnr=1  OK  sig=1.000  DR=0.603  -> halo000001_sub0023262_z.png
  [10/342] sub=23243 grnr=1  FAILED
  [11/342] sub=23265 grnr=1  OK  sig=1.000  DR=0.613  -> halo000001_sub0023265_z.png
  [12/342] sub=23291 grnr=1  OK  sig=1.000  DR=0.604  -> halo000001_sub0023291_z.png
  [13/342] sub=23287 grnr=1  OK  sig=1.000  DR=0.928  -> halo000001_sub0023287_z.png
  [14/342] sub=23443 grnr=1  OK  sig=1.000  DR=0.613  -> halo000001_sub0023443_z.png
  [15/342] sub=23317 grnr=1  OK  sig=1.000  DR=0.928  -> halo000001_sub0023317_z.png
  [16/342] sub=23255 grnr=1  FAILED
  [17/342] sub=24689 grnr=2  OK  sig=1.000  DR=0.613  -> halo000002_sub0024689_z.png
  [18/342] sub=24691 grnr=2  OK  sig=1.000  DR=0.929  -> halo000002_sub0024691_z.png
  [19/342] sub=23313 grnr=1  FAILED
  [20/342] sub=24692 grnr=2  OK  sig=1.000  DR=0.929  -> halo000002_sub0024692_z.png
  [21/342] sub=24693 grnr=2  OK  sig=1.000  DR=0.929  -> halo000002_sub0024693_z.png
  [22/342] sub=24696 grnr=2  OK  sig=1.000  DR=0.614  -> halo000002_sub0024696_z.png
  [23/342] sub=24697 grnr=2  OK  sig=1.000  DR=0.597  -> halo000002_sub0024697_z.png
  [24/342] sub=24690 grnr=2  FAILED
  [25/342] sub=24698 grnr=2  OK  sig=1.000  DR=0.597  -> halo000002_sub0024698_z.png
  [26/342] sub=24703 grnr=2  OK  sig=1.000  DR=0.612  -> halo000002_sub0024703_z.png
  [27/342] sub=24705 grnr=2  OK  sig=1.000  DR=0.614  -> halo000002_sub0024705_z.png
  [28/342] sub=24707 grnr=2  OK  sig=1.000  DR=0.929  -> halo000002_sub0024707_z.png
  [29/342] sub=24709 grnr=2  OK  sig=1.000  DR=0.929  -> halo000002_sub0024709_z.png
  [30/342] sub=24723 grnr=2  OK  sig=1.000  DR=0.597  -> halo000002_sub0024723_z.png
  [31/342] sub=24719 grnr=2  OK  sig=1.000  DR=0.597  -> halo000002_sub0024719_z.png
  [32/342] sub=24721 grnr=2  OK  sig=1.000  DR=0.617  -> halo000002_sub0024721_z.png
  [33/342] sub=24726 grnr=2  OK  sig=1.000  DR=0.929  -> halo000002_sub0024726_z.png
  [34/342] sub=24727 grnr=2  OK  sig=1.000  DR=0.929  -> halo000002_sub0024727_z.png
  [35/342] sub=24716 grnr=2  OK  sig=1.000  DR=0.929  -> halo000002_sub0024716_z.png
  [36/342] sub=24732 grnr=2  OK  sig=1.000  DR=0.114  -> halo000002_sub0024732_z.png
  [37/342] sub=24734 grnr=2  OK  sig=1.000  DR=0.597  -> halo000002_sub0024734_z.png
  [38/342] sub=24761 grnr=2  OK  sig=1.000  DR=0.597  -> halo000002_sub0024761_z.png
  [39/342] sub=24753 grnr=2  OK  sig=1.000  DR=0.613  -> halo000002_sub0024753_z.png
  [40/342] sub=25759 grnr=3  OK  sig=1.000  DR=0.929  -> halo000003_sub0025759_z.png
  [41/342] sub=25760 grnr=3  OK  sig=1.000  DR=0.617  -> halo000003_sub0025760_z.png
  [42/342] sub=25761 grnr=3  OK  sig=1.000  DR=0.597  -> halo000003_sub0025761_z.png
  [43/342] sub=25763 grnr=3  FAILED
  [44/342] sub=25764 grnr=3  OK  sig=1.000  DR=0.588  -> halo000003_sub0025764_z.png
  [45/342] sub=25766 grnr=3  OK  sig=1.000  DR=0.608  -> halo000003_sub0025766_z.png
  [46/342] sub=25762 grnr=3  OK  sig=1.000  DR=0.932  -> halo000003_sub0025762_z.png
  [47/342] sub=25770 grnr=3  OK  sig=1.000  DR=0.599  -> halo000003_sub0025770_z.png
  [48/342] sub=25769 grnr=3  OK  sig=1.000  DR=0.614  -> halo000003_sub0025769_z.png
  [49/342] sub=25773 grnr=3  OK  sig=1.000  DR=0.932  -> halo000003_sub0025773_z.png
  [50/342] sub=25775 grnr=3  OK  sig=1.000  DR=0.604  -> halo000003_sub0025775_z.png
  [51/342] sub=25776 grnr=3  OK  sig=1.000  DR=0.932  -> halo000003_sub0025776_z.png
  [52/342] sub=25777 grnr=3  OK  sig=1.000  DR=0.597  -> halo000003_sub0025777_z.png
  [53/342] sub=25779 grnr=3  OK  sig=1.000  DR=0.608  -> halo000003_sub0025779_z.png
  [54/342] sub=1766 grnr=0  OK  sig=1.000  DR=0.616  -> halo000000_sub0001766_z.png
  [55/342] sub=23208 grnr=1  OK  sig=1.000  DR=0.586  -> halo000001_sub0023208_z.png
  [56/342] sub=25781 grnr=3  OK  sig=1.000  DR=0.932  -> halo000003_sub0025781_z.png
  [57/342] sub=25782 grnr=3  OK  sig=1.000  DR=0.932  -> halo000003_sub0025782_z.png
  [58/342] sub=25784 grnr=3  OK  sig=1.000  DR=0.932  -> halo000003_sub0025784_z.png
  [59/342] sub=25783 grnr=3  OK  sig=1.000  DR=0.597  -> halo000003_sub0025783_z.png
  [60/342] sub=25785 grnr=3  OK  sig=1.000  DR=0.932  -> halo000003_sub0025785_z.png
  [61/342] sub=25786 grnr=3  OK  sig=1.000  DR=0.597  -> halo000003_sub0025786_z.png
  [62/342] sub=25787 grnr=3  OK  sig=1.000  DR=0.932  -> halo000003_sub0025787_z.png
  [63/342] sub=25790 grnr=3  OK  sig=1.000  DR=0.612  -> halo000003_sub0025790_z.png
  [64/342] sub=25794 grnr=3  OK  sig=1.000  DR=0.932  -> halo000003_sub0025794_z.png
  [65/342] sub=25796 grnr=3  OK  sig=1.000  DR=0.608  -> halo000003_sub0025796_z.png
  [66/342] sub=25799 grnr=3  OK  sig=1.000  DR=0.932  -> halo000003_sub0025799_z.png
  [67/342] sub=23566 grnr=1  OK  sig=1.000  DR=0.616  -> halo000001_sub0023566_z.png
  [68/342] sub=25802 grnr=3  OK  sig=1.000  DR=0.609  -> halo000003_sub0025802_z.png
  [69/342] sub=25793 grnr=3  FAILED
  [70/342] sub=24688 grnr=2  OK  sig=1.000  DR=0.920  -> halo000002_sub0024688_z.png
  [71/342] sub=25804 grnr=3  OK  sig=1.000  DR=0.932  -> halo000003_sub0025804_z.png
  [72/342] sub=25810 grnr=3  OK  sig=1.000  DR=0.932  -> halo000003_sub0025810_z.png
  [73/342] sub=25922 grnr=3  OK  sig=1.000  DR=0.116  -> halo000003_sub0025922_z.png
  [74/342] sub=25801 grnr=3  FAILED
  [75/342] sub=25803 grnr=3  FAILED
  [76/342] sub=24786 grnr=2  OK  sig=1.000  DR=0.597  -> halo000002_sub0024786_z.png
  [77/342] sub=26831 grnr=4  OK  sig=1.000  DR=0.925  -> halo000004_sub0026831_z.png
  [78/342] sub=26834 grnr=4  OK  sig=1.000  DR=0.597  -> halo000004_sub0026834_z.png
  [79/342] sub=25758 grnr=3  OK  sig=1.000  DR=0.932  -> halo000003_sub0025758_z.png
  [80/342] sub=27162 grnr=5  OK  sig=1.000  DR=0.932  -> halo000005_sub0027162_z.png
  [81/342] sub=27163 grnr=5  OK  sig=1.000  DR=0.616  -> halo000005_sub0027163_z.png
  [82/342] sub=27166 grnr=5  OK  sig=1.000  DR=0.932  -> halo000005_sub0027166_z.png
  [83/342] sub=27170 grnr=5  OK  sig=1.000  DR=0.599  -> halo000005_sub0027170_z.png
  [84/342] sub=27525 grnr=6  OK  sig=1.000  DR=0.931  -> halo000006_sub0027525_z.png
  [85/342] sub=27526 grnr=6  OK  sig=1.000  DR=0.931  -> halo000006_sub0027526_z.png
  [86/342] sub=27527 grnr=6  OK  sig=1.000  DR=0.597  -> halo000006_sub0027527_z.png
  [87/342] sub=27528 grnr=6  OK  sig=1.000  DR=0.597  -> halo000006_sub0027528_z.png
  [88/342] sub=27529 grnr=6  OK  sig=1.000  DR=0.616  -> halo000006_sub0027529_z.png
  [89/342] sub=27530 grnr=6  OK  sig=1.000  DR=0.618  -> halo000006_sub0027530_z.png
  [90/342] sub=27531 grnr=6  OK  sig=1.000  DR=0.931  -> halo000006_sub0027531_z.png
  [91/342] sub=27533 grnr=6  OK  sig=1.000  DR=0.597  -> halo000006_sub0027533_z.png
  [92/342] sub=27536 grnr=6  OK  sig=1.000  DR=0.931  -> halo000006_sub0027536_z.png
  [93/342] sub=27538 grnr=6  OK  sig=1.000  DR=0.931  -> halo000006_sub0027538_z.png
  [94/342] sub=27539 grnr=6  OK  sig=1.000  DR=0.597  -> halo000006_sub0027539_z.png
  [95/342] sub=27540 grnr=6  OK  sig=1.000  DR=0.600  -> halo000006_sub0027540_z.png
  [96/342] sub=27543 grnr=6  OK  sig=1.000  DR=0.931  -> halo000006_sub0027543_z.png
  [97/342] sub=27537 grnr=6  FAILED
  [98/342] sub=27544 grnr=6  OK  sig=1.000  DR=0.931  -> halo000006_sub0027544_z.png
  [99/342] sub=27550 grnr=6  OK  sig=1.000  DR=0.931  -> halo000006_sub0027550_z.png
  [100/342] sub=27558 grnr=6  OK  sig=1.000  DR=0.601  -> halo000006_sub0027558_z.png
  [101/342] sub=27553 grnr=6  OK  sig=1.000  DR=0.597  -> halo000006_sub0027553_z.png
  [102/342] sub=27564 grnr=6  OK  sig=1.000  DR=0.931  -> halo000006_sub0027564_z.png
  [103/342] sub=27575 grnr=6  OK  sig=1.000  DR=0.950  -> halo000006_sub0027575_z.png
  [104/342] sub=25852 grnr=3  OK  sig=1.000  DR=0.616  -> halo000003_sub0025852_z.png
  [105/342] sub=27205 grnr=5  OK  sig=1.000  DR=0.932  -> halo000005_sub0027205_z.png
  [106/342] sub=25850 grnr=3  OK  sig=1.000  DR=0.597  -> halo000003_sub0025850_z.png
  [107/342] sub=27161 grnr=5  OK  sig=1.000  DR=0.597  -> halo000005_sub0027161_z.png
  [108/342] sub=27524 grnr=6  OK  sig=1.000  DR=0.597  -> halo000006_sub0027524_z.png
  [109/342] sub=27585 grnr=6  OK  sig=1.000  DR=0.612  -> halo000006_sub0027585_z.png
  [110/342] sub=28069 grnr=7  OK  sig=1.000  DR=0.612  -> halo000007_sub0028069_z.png
  [111/342] sub=28090 grnr=7  OK  sig=1.000  DR=0.609  -> halo000007_sub0028090_z.png
  [112/342] sub=28455 grnr=8  OK  sig=1.000  DR=0.597  -> halo000008_sub0028455_z.png
  [113/342] sub=28459 grnr=8  OK  sig=1.000  DR=0.601  -> halo000008_sub0028459_z.png
  [114/342] sub=28712 grnr=9  OK  sig=1.000  DR=0.609  -> halo000009_sub0028712_z.png
  [115/342] sub=28714 grnr=9  OK  sig=1.000  DR=0.614  -> halo000009_sub0028714_z.png
  [116/342] sub=28718 grnr=9  OK  sig=1.000  DR=0.597  -> halo000009_sub0028718_z.png
  [117/342] sub=28719 grnr=9  OK  sig=1.000  DR=0.597  -> halo000009_sub0028719_z.png
  [118/342] sub=28720 grnr=9  OK  sig=1.000  DR=0.610  -> halo000009_sub0028720_z.png
  [119/342] sub=28723 grnr=9  OK  sig=1.000  DR=0.932  -> halo000009_sub0028723_z.png
  [120/342] sub=28724 grnr=9  OK  sig=1.000  DR=0.599  -> halo000009_sub0028724_z.png
  [121/342] sub=28725 grnr=9  OK  sig=1.000  DR=0.932  -> halo000009_sub0028725_z.png
  [122/342] sub=28734 grnr=9  OK  sig=1.000  DR=0.932  -> halo000009_sub0028734_z.png
  [123/342] sub=28726 grnr=9  OK  sig=1.000  DR=0.597  -> halo000009_sub0028726_z.png
  [124/342] sub=28070 grnr=7  FAILED
  [125/342] sub=29141 grnr=10  OK  sig=1.000  DR=0.599  -> halo000010_sub0029141_z.png
  [126/342] sub=29140 grnr=10  OK  sig=1.000  DR=0.932  -> halo000010_sub0029140_z.png
  [127/342] sub=29284 grnr=11  OK  sig=1.000  DR=0.932  -> halo000011_sub0029284_z.png
  [128/342] sub=29285 grnr=11  OK  sig=1.000  DR=0.614  -> halo000011_sub0029285_z.png
  [129/342] sub=29287 grnr=11  OK  sig=1.000  DR=0.932  -> halo000011_sub0029287_z.png
  [130/342] sub=29286 grnr=11  OK  sig=1.000  DR=0.932  -> halo000011_sub0029286_z.png
  [131/342] sub=29289 grnr=11  OK  sig=1.000  DR=0.613  -> halo000011_sub0029289_z.png
  [132/342] sub=29290 grnr=11  OK  sig=1.000  DR=0.932  -> halo000011_sub0029290_z.png
  [133/342] sub=29295 grnr=11  OK  sig=1.000  DR=0.616  -> halo000011_sub0029295_z.png
  [134/342] sub=29299 grnr=11  OK  sig=1.000  DR=0.932  -> halo000011_sub0029299_z.png
  [135/342] sub=29282 grnr=11  FAILED
  [136/342] sub=29514 grnr=12  OK  sig=1.000  DR=0.932  -> halo000012_sub0029514_z.png
  [137/342] sub=29512 grnr=12  OK  sig=1.000  DR=0.932  -> halo000012_sub0029512_z.png
  [138/342] sub=29516 grnr=12  OK  sig=1.000  DR=0.932  -> halo000012_sub0029516_z.png
  [139/342] sub=29536 grnr=12  OK  sig=1.000  DR=0.607  -> halo000012_sub0029536_z.png
  [140/342] sub=29538 grnr=12  OK  sig=1.000  DR=0.932  -> halo000012_sub0029538_z.png
  [141/342] sub=27628 grnr=6  OK  sig=1.000  DR=0.609  -> halo000006_sub0027628_z.png
  [142/342] sub=27602 grnr=6  OK  sig=1.000  DR=0.599  -> halo000006_sub0027602_z.png
  [143/342] sub=29300 grnr=11  OK  sig=1.000  DR=0.614  -> halo000011_sub0029300_z.png
  [144/342] sub=28798 grnr=9  OK  sig=1.000  DR=0.612  -> halo000009_sub0028798_z.png
  [145/342] sub=29704 grnr=13  OK  sig=1.000  DR=0.920  -> halo000013_sub0029704_z.png
  [146/342] sub=29705 grnr=13  OK  sig=1.000  DR=0.616  -> halo000013_sub0029705_z.png
  [147/342] sub=29707 grnr=13  OK  sig=1.000  DR=0.600  -> halo000013_sub0029707_z.png
  [148/342] sub=29706 grnr=13  OK  sig=1.000  DR=0.925  -> halo000013_sub0029706_z.png
  [149/342] sub=29709 grnr=13  OK  sig=1.000  DR=0.925  -> halo000013_sub0029709_z.png
  [150/342] sub=29710 grnr=13  OK  sig=1.000  DR=0.925  -> halo000013_sub0029710_z.png
  [151/342] sub=29713 grnr=13  OK  sig=1.000  DR=0.597  -> halo000013_sub0029713_z.png
  [152/342] sub=29711 grnr=13  OK  sig=1.000  DR=0.925  -> halo000013_sub0029711_z.png
  [153/342] sub=29716 grnr=13  OK  sig=1.000  DR=0.925  -> halo000013_sub0029716_z.png
  [154/342] sub=29715 grnr=13  OK  sig=1.000  DR=0.597  -> halo000013_sub0029715_z.png
  [155/342] sub=29714 grnr=13  OK  sig=1.000  DR=0.603  -> halo000013_sub0029714_z.png
  [156/342] sub=29723 grnr=13  OK  sig=1.000  DR=0.597  -> halo000013_sub0029723_z.png
  [157/342] sub=29721 grnr=13  OK  sig=1.000  DR=0.597  -> halo000013_sub0029721_z.png
  [158/342] sub=29708 grnr=13  OK  sig=1.000  DR=0.613  -> halo000013_sub0029708_z.png
  [159/342] sub=29717 grnr=13  OK  sig=1.000  DR=0.925  -> halo000013_sub0029717_z.png
  [160/342] sub=29975 grnr=14  OK  sig=1.000  DR=0.597  -> halo000014_sub0029975_z.png
  [161/342] sub=29978 grnr=14  OK  sig=1.000  DR=0.928  -> halo000014_sub0029978_z.png
  [162/342] sub=29976 grnr=14  OK  sig=1.000  DR=0.928  -> halo000014_sub0029976_z.png
  [163/342] sub=29977 grnr=14  OK  sig=1.000  DR=0.614  -> halo000014_sub0029977_z.png
  [164/342] sub=29982 grnr=14  OK  sig=1.000  DR=0.928  -> halo000014_sub0029982_z.png
  [165/342] sub=29979 grnr=14  OK  sig=1.000  DR=0.928  -> halo000014_sub0029979_z.png
  [166/342] sub=29980 grnr=14  OK  sig=1.000  DR=0.597  -> halo000014_sub0029980_z.png
  [167/342] sub=29981 grnr=14  OK  sig=1.000  DR=0.928  -> halo000014_sub0029981_z.png
  [168/342] sub=29984 grnr=14  OK  sig=1.000  DR=0.597  -> halo000014_sub0029984_z.png
  [169/342] sub=29983 grnr=14  OK  sig=1.000  DR=0.928  -> halo000014_sub0029983_z.png
  [170/342] sub=29985 grnr=14  OK  sig=1.000  DR=0.928  -> halo000014_sub0029985_z.png
  [171/342] sub=30154 grnr=15  OK  sig=1.000  DR=0.932  -> halo000015_sub0030154_z.png
  [172/342] sub=30278 grnr=16  OK  sig=1.000  DR=0.932  -> halo000016_sub0030278_z.png
  [173/342] sub=30282 grnr=16  OK  sig=1.000  DR=0.613  -> halo000016_sub0030282_z.png
  [174/342] sub=30306 grnr=16  OK  sig=1.000  DR=0.932  -> halo000016_sub0030306_z.png
  [175/342] sub=30157 grnr=15  OK  sig=1.000  DR=0.610  -> halo000015_sub0030157_z.png
  [176/342] sub=30379 grnr=16  OK  sig=1.000  DR=0.599  -> halo000016_sub0030379_z.png
  [177/342] sub=30284 grnr=16  OK  sig=1.000  DR=0.932  -> halo000016_sub0030284_z.png
  [178/342] sub=30155 grnr=15  OK  sig=1.000  DR=0.597  -> halo000015_sub0030155_z.png
  [179/342] sub=30156 grnr=15  OK  sig=1.000  DR=0.597  -> halo000015_sub0030156_z.png
  [180/342] sub=30423 grnr=17  OK  sig=1.000  DR=0.932  -> halo000017_sub0030423_z.png
  [181/342] sub=30424 grnr=17  OK  sig=1.000  DR=0.597  -> halo000017_sub0030424_z.png
  [182/342] sub=30425 grnr=17  OK  sig=1.000  DR=0.932  -> halo000017_sub0030425_z.png
  [183/342] sub=30426 grnr=17  OK  sig=1.000  DR=0.614  -> halo000017_sub0030426_z.png
  [184/342] sub=30427 grnr=17  OK  sig=1.000  DR=0.609  -> halo000017_sub0030427_z.png
  [185/342] sub=30430 grnr=17  OK  sig=1.000  DR=0.612  -> halo000017_sub0030430_z.png
  [186/342] sub=30638 grnr=19  OK  sig=1.000  DR=0.932  -> halo000019_sub0030638_z.png
  [187/342] sub=30639 grnr=19  OK  sig=1.000  DR=0.613  -> halo000019_sub0030639_z.png
  [188/342] sub=30542 grnr=18  OK  sig=1.000  DR=0.597  -> halo000018_sub0030542_z.png
  [189/342] sub=30644 grnr=19  OK  sig=1.000  DR=0.614  -> halo000019_sub0030644_z.png
  [190/342] sub=30543 grnr=18  OK  sig=1.000  DR=0.597  -> halo000018_sub0030543_z.png
  [191/342] sub=30636 grnr=19  OK  sig=1.000  DR=0.932  -> halo000019_sub0030636_z.png
  [192/342] sub=30541 grnr=18  OK  sig=1.000  DR=0.932  -> halo000018_sub0030541_z.png
  [193/342] sub=30637 grnr=19  OK  sig=1.000  DR=0.932  -> halo000019_sub0030637_z.png
  [194/342] sub=30731 grnr=20  OK  sig=1.000  DR=0.932  -> halo000020_sub0030731_z.png
  [195/342] sub=30836 grnr=21  OK  sig=1.000  DR=0.597  -> halo000021_sub0030836_z.png
  [196/342] sub=30738 grnr=20  OK  sig=1.000  DR=0.932  -> halo000020_sub0030738_z.png
  [197/342] sub=30737 grnr=20  OK  sig=1.000  DR=0.597  -> halo000020_sub0030737_z.png
  [198/342] sub=30732 grnr=20  OK  sig=1.000  DR=0.932  -> halo000020_sub0030732_z.png
  [199/342] sub=30735 grnr=20  OK  sig=1.000  DR=0.932  -> halo000020_sub0030735_z.png
  [200/342] sub=30734 grnr=20  OK  sig=1.000  DR=0.597  -> halo000020_sub0030734_z.png
  [201/342] sub=30835 grnr=21  OK  sig=1.000  DR=0.932  -> halo000021_sub0030835_z.png
  [202/342] sub=30953 grnr=22  OK  sig=1.000  DR=0.597  -> halo000022_sub0030953_z.png
  [203/342] sub=30956 grnr=22  OK  sig=1.000  DR=0.929  -> halo000022_sub0030956_z.png
  [204/342] sub=31168 grnr=24  OK  sig=1.000  DR=0.614  -> halo000024_sub0031168_z.png
  [205/342] sub=30957 grnr=22  OK  sig=1.000  DR=0.601  -> halo000022_sub0030957_z.png
  [206/342] sub=31167 grnr=24  OK  sig=1.000  DR=0.932  -> halo000024_sub0031167_z.png
  [207/342] sub=31166 grnr=24  OK  sig=1.000  DR=0.932  -> halo000024_sub0031166_z.png
  [208/342] sub=31165 grnr=24  OK  sig=1.000  DR=0.599  -> halo000024_sub0031165_z.png
  [209/342] sub=30952 grnr=22  OK  sig=1.000  DR=0.604  -> halo000022_sub0030952_z.png
  [210/342] sub=31169 grnr=24  OK  sig=1.000  DR=0.597  -> halo000024_sub0031169_z.png
  [211/342] sub=31275 grnr=25  OK  sig=1.000  DR=0.613  -> halo000025_sub0031275_z.png
  [212/342] sub=31179 grnr=24  OK  sig=1.000  DR=0.932  -> halo000024_sub0031179_z.png
  [213/342] sub=31274 grnr=25  OK  sig=1.000  DR=0.932  -> halo000025_sub0031274_z.png
  [214/342] sub=31170 grnr=24  OK  sig=1.000  DR=0.932  -> halo000024_sub0031170_z.png
  [215/342] sub=31294 grnr=25  OK  sig=1.000  DR=0.932  -> halo000025_sub0031294_z.png
  [216/342] sub=31357 grnr=26  OK  sig=1.000  DR=0.597  -> halo000026_sub0031357_z.png
  [217/342] sub=31356 grnr=26  OK  sig=1.000  DR=0.610  -> halo000026_sub0031356_z.png
  [218/342] sub=31359 grnr=26  OK  sig=1.000  DR=0.932  -> halo000026_sub0031359_z.png
  [219/342] sub=31358 grnr=26  OK  sig=1.000  DR=0.932  -> halo000026_sub0031358_z.png
  [220/342] sub=31426 grnr=27  OK  sig=1.000  DR=0.617  -> halo000027_sub0031426_z.png
  [221/342] sub=31427 grnr=27  OK  sig=1.000  DR=0.614  -> halo000027_sub0031427_z.png
  [222/342] sub=31360 grnr=26  OK  sig=1.000  DR=0.932  -> halo000026_sub0031360_z.png
  [223/342] sub=31428 grnr=27  OK  sig=1.000  DR=0.597  -> halo000027_sub0031428_z.png
  [224/342] sub=31425 grnr=27  OK  sig=1.000  DR=0.928  -> halo000027_sub0031425_z.png
  [225/342] sub=31429 grnr=27  OK  sig=1.000  DR=0.597  -> halo000027_sub0031429_z.png
  [226/342] sub=31431 grnr=27  OK  sig=1.000  DR=0.614  -> halo000027_sub0031431_z.png
  [227/342] sub=31430 grnr=27  OK  sig=1.000  DR=0.929  -> halo000027_sub0031430_z.png
  [228/342] sub=31440 grnr=27  OK  sig=1.000  DR=0.614  -> halo000027_sub0031440_z.png
  [229/342] sub=31432 grnr=27  OK  sig=1.000  DR=0.614  -> halo000027_sub0031432_z.png
  [230/342] sub=31434 grnr=27  OK  sig=1.000  DR=0.614  -> halo000027_sub0031434_z.png
  [231/342] sub=31523 grnr=28  OK  sig=1.000  DR=0.932  -> halo000028_sub0031523_z.png
  [232/342] sub=31501 grnr=27  OK  sig=1.000  DR=0.613  -> halo000027_sub0031501_z.png
  [233/342] sub=31521 grnr=28  OK  sig=1.000  DR=0.597  -> halo000028_sub0031521_z.png
  [234/342] sub=31796 grnr=31  OK  sig=1.000  DR=0.932  -> halo000031_sub0031796_z.png
  [235/342] sub=31736 grnr=30  OK  sig=1.000  DR=0.932  -> halo000030_sub0031736_z.png
  [236/342] sub=31538 grnr=28  OK  sig=1.000  DR=0.616  -> halo000028_sub0031538_z.png
  [237/342] sub=31734 grnr=30  OK  sig=1.000  DR=0.932  -> halo000030_sub0031734_z.png
  [238/342] sub=31527 grnr=28  OK  sig=1.000  DR=0.597  -> halo000028_sub0031527_z.png
  [239/342] sub=31666 grnr=29  OK  sig=1.000  DR=0.597  -> halo000029_sub0031666_z.png
  [240/342] sub=31526 grnr=28  OK  sig=1.000  DR=0.599  -> halo000028_sub0031526_z.png
  [241/342] sub=31799 grnr=31  OK  sig=1.000  DR=0.932  -> halo000031_sub0031799_z.png
  [242/342] sub=31797 grnr=31  OK  sig=1.000  DR=0.932  -> halo000031_sub0031797_z.png
  [243/342] sub=31524 grnr=28  OK  sig=1.000  DR=0.597  -> halo000028_sub0031524_z.png
  [244/342] sub=31884 grnr=32  OK  sig=1.000  DR=0.609  -> halo000032_sub0031884_z.png
  [245/342] sub=31933 grnr=33  OK  sig=1.000  DR=0.932  -> halo000033_sub0031933_z.png
  [246/342] sub=31931 grnr=33  OK  sig=1.000  DR=0.932  -> halo000033_sub0031931_z.png
  [247/342] sub=31932 grnr=33  OK  sig=1.000  DR=0.932  -> halo000033_sub0031932_z.png
  [248/342] sub=31934 grnr=33  OK  sig=1.000  DR=0.116  -> halo000033_sub0031934_z.png
  [249/342] sub=32017 grnr=34  OK  sig=1.000  DR=0.597  -> halo000034_sub0032017_z.png
  [250/342] sub=31947 grnr=33  OK  sig=1.000  DR=0.614  -> halo000033_sub0031947_z.png
  [251/342] sub=31937 grnr=33  OK  sig=1.000  DR=0.599  -> halo000033_sub0031937_z.png
  [252/342] sub=32015 grnr=34  OK  sig=1.000  DR=0.932  -> halo000034_sub0032015_z.png
  [253/342] sub=31936 grnr=33  OK  sig=1.000  DR=0.932  -> halo000033_sub0031936_z.png
  [254/342] sub=31938 grnr=33  OK  sig=1.000  DR=0.932  -> halo000033_sub0031938_z.png
  [255/342] sub=31935 grnr=33  OK  sig=1.000  DR=0.609  -> halo000033_sub0031935_z.png
  [256/342] sub=32072 grnr=35  OK  sig=1.000  DR=0.932  -> halo000035_sub0032072_z.png
  [257/342] sub=32176 grnr=37  OK  sig=1.000  DR=0.932  -> halo000037_sub0032176_z.png
  [258/342] sub=32178 grnr=37  OK  sig=1.000  DR=0.932  -> halo000037_sub0032178_z.png
  [259/342] sub=32174 grnr=37  OK  sig=1.000  DR=0.617  -> halo000037_sub0032174_z.png
  [260/342] sub=32132 grnr=36  OK  sig=1.000  DR=0.617  -> halo000036_sub0032132_z.png
  [261/342] sub=32141 grnr=36  OK  sig=1.000  DR=0.669  -> halo000036_sub0032141_z.png
  [262/342] sub=32177 grnr=37  OK  sig=1.000  DR=0.932  -> halo000037_sub0032177_z.png
  [263/342] sub=32175 grnr=37  OK  sig=1.000  DR=0.932  -> halo000037_sub0032175_z.png
  [264/342] sub=32173 grnr=37  OK  sig=1.000  DR=0.932  -> halo000037_sub0032173_z.png
  [265/342] sub=32183 grnr=37  OK  sig=1.000  DR=0.116  -> halo000037_sub0032183_z.png
  [266/342] sub=32188 grnr=37  OK  sig=1.000  DR=0.932  -> halo000037_sub0032188_z.png
  [267/342] sub=32187 grnr=37  OK  sig=1.000  DR=0.932  -> halo000037_sub0032187_z.png
  [268/342] sub=32193 grnr=37  OK  sig=1.000  DR=0.932  -> halo000037_sub0032193_z.png
  [269/342] sub=32308 grnr=38  OK  sig=1.000  DR=0.597  -> halo000038_sub0032308_z.png
  [270/342] sub=32307 grnr=38  OK  sig=1.000  DR=0.597  -> halo000038_sub0032307_z.png
  [271/342] sub=32306 grnr=38  OK  sig=1.000  DR=0.617  -> halo000038_sub0032306_z.png
  [272/342] sub=32309 grnr=38  OK  sig=1.000  DR=0.932  -> halo000038_sub0032309_z.png
  [273/342] sub=32328 grnr=38  OK  sig=1.000  DR=0.603  -> halo000038_sub0032328_z.png
  [274/342] sub=32507 grnr=41  OK  sig=1.000  DR=0.597  -> halo000041_sub0032507_z.png
  [275/342] sub=32504 grnr=41  OK  sig=1.000  DR=0.932  -> halo000041_sub0032504_z.png
  [276/342] sub=32557 grnr=42  OK  sig=1.000  DR=0.932  -> halo000042_sub0032557_z.png
  [277/342] sub=32505 grnr=41  OK  sig=1.000  DR=0.932  -> halo000041_sub0032505_z.png
  [278/342] sub=32558 grnr=42  OK  sig=1.000  DR=0.609  -> halo000042_sub0032558_z.png
  [279/342] sub=32559 grnr=42  OK  sig=1.000  DR=0.597  -> halo000042_sub0032559_z.png
  [280/342] sub=32556 grnr=42  OK  sig=1.000  DR=0.571  -> halo000042_sub0032556_z.png
  [281/342] sub=32555 grnr=42  OK  sig=1.000  DR=0.932  -> halo000042_sub0032555_z.png
  [282/342] sub=32656 grnr=43  OK  sig=1.000  DR=0.932  -> halo000043_sub0032656_z.png
  [283/342] sub=32565 grnr=42  OK  sig=1.000  DR=0.932  -> halo000042_sub0032565_z.png
  [284/342] sub=32560 grnr=42  OK  sig=1.000  DR=0.932  -> halo000042_sub0032560_z.png
  [285/342] sub=32654 grnr=43  OK  sig=1.000  DR=0.597  -> halo000043_sub0032654_z.png
  [286/342] sub=32657 grnr=43  OK  sig=1.000  DR=0.932  -> halo000043_sub0032657_z.png
  [287/342] sub=32665 grnr=43  OK  sig=1.000  DR=0.614  -> halo000043_sub0032665_z.png
  [288/342] sub=32561 grnr=42  OK  sig=1.000  DR=0.609  -> halo000042_sub0032561_z.png
  [289/342] sub=32653 grnr=43  OK  sig=1.000  DR=0.932  -> halo000043_sub0032653_z.png
  [290/342] sub=32793 grnr=45  OK  sig=1.000  DR=0.932  -> halo000045_sub0032793_z.png
Downloading vis.png images for 528 galaxies ...
  Fixed aperture: 200.0 kpc half-width
  Already done: 515, will skip
  Using 8 parallel workers for faster processing
  [1/13] sub=33794 grnr=68  OK  sig=1.000  DR=0.932  -> halo000068_sub0033794_z.png
  [2/13] sub=33862 grnr=70  OK  sig=1.000  DR=0.932  -> halo000070_sub0033862_z.png
  [3/13] sub=33793 grnr=68  OK  sig=1.000  DR=0.932  -> halo000068_sub0033793_z.png
  [4/13] sub=33739 grnr=67  OK  sig=1.000  DR=0.932  -> halo000067_sub0033739_z.png
  [5/13] sub=33796 grnr=68  OK  sig=1.000  DR=0.932  -> halo000068_sub0033796_z.png
  [6/13] sub=33700 grnr=66  OK  sig=1.000  DR=0.614  -> halo000066_sub0033700_z.png
  [7/13] sub=33824 grnr=69  OK  sig=1.000  DR=0.597  -> halo000069_sub0033824_z.png
  [8/13] sub=33795 grnr=68  OK  sig=1.000  DR=0.932  -> halo000068_sub0033795_z.png
  [9/13] sub=33902 grnr=71  OK  sig=1.000  DR=0.958  -> halo000071_sub0033902_z.png
  [10/13] sub=33926 grnr=72  OK  sig=1.000  DR=0.932  -> halo000072_sub0033926_z.png
  [11/13] sub=33864 grnr=70  OK  sig=1.000  DR=0.597  -> halo000070_sub0033864_z.png
  [12/13] sub=33899 grnr=71  OK  sig=1.000  DR=0.616  -> halo000071_sub0033899_z.png
  [13/13] sub=33900 grnr=71  OK  sig=1.000  DR=0.932  -> halo000071_sub0033900_z.png

============================================================
  Done.  QC-passed: 13  Low-quality/failed: 0  Skipped: 515
  Images -> output/images/
  Log    -> output/data/image_log.csv
