Downloading vis.png images for 774 galaxies ...
  Fixed aperture: 200.0 kpc half-width (dynamic rViral factor per galaxy)
  Already done: 533, will skip
  [1/774] sub=4 grnr=0  size=0.0910 requesting vis.png ... OK  sig=1.000  DR=0.957  -> halo000000_sub0000004_z.png
  [154/774] sub=1064 grnr=0  size=0.0910 requesting vis.png ... OK  sig=1.000  DR=0.596  -> halo000000_sub0001064_z.png
  [535/774] sub=33964 grnr=73  size=0.7313 requesting vis.png ... OK  sig=1.000  DR=0.932  -> halo000073_sub0033964_z.png
  [537/774] sub=33966 grnr=73  size=0.7313 requesting vis.png ... OK  sig=1.000  DR=0.932  -> halo000073_sub0033966_z.png
  [538/774] sub=33977 grnr=73  size=0.7313 requesting vis.png ... OK  sig=1.000  DR=0.932  -> halo000073_sub0033977_z.png
  [539/774] sub=34007 grnr=74  size=0.7174 requesting vis.png ... OK  sig=1.000  DR=0.599  -> halo000074_sub0034007_z.png
  [540/774] sub=34008 grnr=74  size=0.7174 requesting vis.png ... OK  sig=1.000  DR=0.597  -> halo000074_sub0034008_z.png
  [541/774] sub=34036 grnr=75  size=0.6585 requesting vis.png ... OK  sig=1.000  DR=0.932  -> halo000075_sub0034036_z.png
  [542/774] sub=34037 grnr=75  size=0.6585 requesting vis.png ... OK  sig=1.000  DR=0.932  -> halo000075_sub0034037_z.png
  [543/774] sub=34038 grnr=75  size=0.6585 requesting vis.png ... OK  sig=1.000  DR=0.617  -> halo000075_sub0034038_z.png
  [544/774] sub=34039 grnr=75  size=0.6585 requesting vis.png ... OK  sig=1.000  DR=0.932  -> halo000075_sub0034039_z.png
  [545/774] sub=34040 grnr=75  size=0.6585 requesting vis.png ... OK  sig=1.000  DR=0.932  -> halo000075_sub0034040_z.png
  [546/774] sub=34041 grnr=75  size=0.6585 requesting vis.png ... OK  sig=1.000  DR=0.599  -> halo000075_sub0034041_z.png
  [547/774] sub=34072 grnr=76  size=0.7837 requesting vis.png ... OK  sig=1.000  DR=0.616  -> halo000076_sub0034072_z.png
  [548/774] sub=34073 grnr=76  size=0.7837 requesting vis.png ... OK  sig=1.000  DR=0.590  -> halo000076_sub0034073_z.png
  [549/774] sub=34074 grnr=76  size=0.7837 requesting vis.png ... OK  sig=1.000  DR=0.597  -> halo000076_sub0034074_z.png
  [550/774] sub=34075 grnr=76  size=0.7837 requesting vis.png ... OK  sig=1.000  DR=0.932  -> halo000076_sub0034075_z.png
  [551/774] sub=34108 grnr=77  size=0.7424 requesting vis.png ... OK  sig=1.000  DR=0.599  -> halo000077_sub0034108_z.png
  [552/774] sub=34109 grnr=77  size=0.7424 requesting vis.png ... OK  sig=1.000  DR=0.613  -> halo000077_sub0034109_z.png
  [553/774] sub=34110 grnr=77  size=0.7424 requesting vis.png ... OK  sig=1.000  DR=0.932  -> halo000077_sub0034110_z.png
  [554/774] sub=34111 grnr=77  size=0.7424 requesting vis.png ... OK  sig=1.000  DR=0.597  -> halo000077_sub0034111_z.png
  [555/774] sub=34129 grnr=78  size=0.8460 requesting vis.png ... OK  sig=1.000  DR=0.610  -> halo000078_sub0034129_z.png
  [556/774] sub=34176 grnr=79  size=0.8386 requesting vis.png ... OK  sig=1.000  DR=0.621  -> halo000079_sub0034176_z.png
  [557/774] sub=34177 grnr=79  size=0.8386 requesting vis.png ... OK  sig=1.000  DR=0.932  -> halo000079_sub0034177_z.png
  [558/774] sub=34178 grnr=79  size=0.8386 requesting vis.png ... OK  sig=1.000  DR=0.604  -> halo000079_sub0034178_z.png
  [559/774] sub=34200 grnr=80  size=0.6664 requesting vis.png ... OK  sig=1.000  DR=0.932  -> halo000080_sub0034200_z.png
  [560/774] sub=34201 grnr=80  size=0.6664 requesting vis.png ... OK  sig=1.000  DR=0.616  -> halo000080_sub0034201_z.png
  [561/774] sub=34202 grnr=80  size=0.6664 requesting vis.png ... OK  sig=1.000  DR=0.609  -> halo000080_sub0034202_z.png
  [562/774] sub=34205 grnr=80  size=0.6664 requesting vis.png ... OK  sig=1.000  DR=0.609  -> halo000080_sub0034205_z.png
  [563/774] sub=34206 grnr=80  size=0.6664 requesting vis.png ... OK  sig=1.000  DR=0.613  -> halo000080_sub0034206_z.png
  [564/774] sub=34225 grnr=81  size=0.7215 requesting vis.png ... OK  sig=1.000  DR=0.932  -> halo000081_sub0034225_z.png
  [565/774] sub=34226 grnr=81  size=0.7215 requesting vis.png ... OK  sig=1.000  DR=0.597  -> halo000081_sub0034226_z.png
  [566/774] sub=34227 grnr=81  size=0.7215 requesting vis.png ... OK  sig=1.000  DR=0.932  -> halo000081_sub0034227_z.png
  [567/774] sub=34260 grnr=82  size=0.5035 requesting vis.png ... OK  sig=1.000  DR=0.592  -> halo000082_sub0034260_z.png
  [568/774] sub=34261 grnr=82  size=0.5035 requesting vis.png ... OK  sig=1.000  DR=0.597  -> halo000082_sub0034261_z.png
  [569/774] sub=34262 grnr=82  size=0.5035 requesting vis.png ... OK  sig=1.000  DR=0.603  -> halo000082_sub0034262_z.png
  [570/774] sub=34263 grnr=82  size=0.5035 requesting vis.png ... OK  sig=1.000  DR=0.605  -> halo000082_sub0034263_z.png
  [571/774] sub=34265 grnr=82  size=0.5035 requesting vis.png ... OK  sig=1.000  DR=0.604  -> halo000082_sub0034265_z.png
  [572/774] sub=34268 grnr=82  size=0.5035 requesting vis.png ... OK  sig=1.000  DR=0.597  -> halo000082_sub0034268_z.png
  [573/774] sub=34270 grnr=82  size=0.5035 requesting vis.png ... OK  sig=1.000  DR=0.608  -> halo000082_sub0034270_z.png
  [574/774] sub=34294 grnr=83  size=0.8941 requesting vis.png ... OK  sig=1.000  DR=0.599  -> halo000083_sub0034294_z.png
  [575/774] sub=34295 grnr=83  size=0.8941 requesting vis.png ... OK  sig=1.000  DR=0.582  -> halo000083_sub0034295_z.png
  [576/774] sub=34296 grnr=83  size=0.8941 requesting vis.png ... OK  sig=1.000  DR=0.929  -> halo000083_sub0034296_z.png
  [577/774] sub=34297 grnr=83  size=0.8941 requesting vis.png ... OK  sig=1.000  DR=0.609  -> halo000083_sub0034297_z.png
  [578/774] sub=34298 grnr=83  size=0.8941 requesting vis.png ... OK  sig=1.000  DR=0.612  -> halo000083_sub0034298_z.png
  [579/774] sub=34335 grnr=84  size=0.7837 requesting vis.png ... OK  sig=1.000  DR=0.597  -> halo000084_sub0034335_z.png
  [580/774] sub=34336 grnr=84  size=0.7837 requesting vis.png ... OK  sig=1.000  DR=0.932  -> halo000084_sub0034336_z.png
  [581/774] sub=34366 grnr=85  size=0.7631 requesting vis.png ... OK  sig=1.000  DR=0.931  -> halo000085_sub0034366_z.png
  [582/774] sub=34387 grnr=86  size=0.6396 requesting vis.png ... OK  sig=1.000  DR=0.932  -> halo000086_sub0034387_z.png
  [583/774] sub=34388 grnr=86  size=0.6396 requesting vis.png ... OK  sig=1.000  DR=0.932  -> halo000086_sub0034388_z.png
  [584/774] sub=34416 grnr=87  size=0.7896 requesting vis.png ... OK  sig=1.000  DR=0.618  -> halo000087_sub0034416_z.png
  [585/774] sub=34417 grnr=87  size=0.7896 requesting vis.png ... OK  sig=1.000  DR=0.608  -> halo000087_sub0034417_z.png
  [586/774] sub=34418 grnr=87  size=0.7896 requesting vis.png ... OK  sig=1.000  DR=0.932  -> halo000087_sub0034418_z.png
  [587/774] sub=34419 grnr=87  size=0.7896 requesting vis.png ... OK  sig=1.000  DR=0.932  -> halo000087_sub0034419_z.png
  [588/774] sub=34420 grnr=87  size=0.7896 requesting vis.png ... OK  sig=1.000  DR=0.613  -> halo000087_sub0034420_z.png
  [589/774] sub=34444 grnr=88  size=0.7465 requesting vis.png ... OK  sig=1.000  DR=0.597  -> halo000088_sub0034444_z.png
  [590/774] sub=34445 grnr=88  size=0.7465 requesting vis.png ... OK  sig=1.000  DR=0.932  -> halo000088_sub0034445_z.png
  [591/774] sub=34450 grnr=88  size=0.7465 requesting vis.png ... OK  sig=1.000  DR=0.614  -> halo000088_sub0034450_z.png
  [592/774] sub=34482 grnr=89  size=0.6581 requesting vis.png ... OK  sig=1.000  DR=0.929  -> halo000089_sub0034482_z.png
  [593/774] sub=34483 grnr=89  size=0.6581 requesting vis.png ... OK  sig=1.000  DR=0.597  -> halo000089_sub0034483_z.png
  [594/774] sub=34487 grnr=89  size=0.6581 requesting vis.png ... OK  sig=1.000  DR=0.929  -> halo000089_sub0034487_z.png
  [595/774] sub=34509 grnr=90  size=1.1514 requesting vis.png ... OK  sig=1.000  DR=0.580  -> halo000090_sub0034509_z.png
  [596/774] sub=34510 grnr=90  size=1.1514 requesting vis.png ... OK  sig=1.000  DR=0.932  -> halo000090_sub0034510_z.png
  [597/774] sub=34511 grnr=90  size=1.1514 requesting vis.png ... OK  sig=1.000  DR=0.596  -> halo000090_sub0034511_z.png
  [598/774] sub=34512 grnr=90  size=1.1514 requesting vis.png ... OK  sig=1.000  DR=0.932  -> halo000090_sub0034512_z.png
  [599/774] sub=34513 grnr=90  size=1.1514 requesting vis.png ... OK  sig=1.000  DR=0.932  -> halo000090_sub0034513_z.png
  [600/774] sub=34514 grnr=90  size=1.1514 requesting vis.png ... OK  sig=1.000  DR=0.596  -> halo000090_sub0034514_z.png
  [601/774] sub=34515 grnr=90  size=1.1514 requesting vis.png ... OK  sig=1.000  DR=0.596  -> halo000090_sub0034515_z.png
  [602/774] sub=34556 grnr=91  size=0.8078 requesting vis.png ... OK  sig=1.000  DR=0.597  -> halo000091_sub0034556_z.png
  [603/774] sub=34557 grnr=91  size=0.8078 requesting vis.png ... OK  sig=1.000  DR=0.597  -> halo000091_sub0034557_z.png
  [604/774] sub=34558 grnr=91  size=0.8078 requesting vis.png ... OK  sig=1.000  DR=0.597  -> halo000091_sub0034558_z.png
  [605/774] sub=34559 grnr=91  size=0.8078 requesting vis.png ... OK  sig=1.000  DR=0.932  -> halo000091_sub0034559_z.png
  [606/774] sub=34560 grnr=91  size=0.8078 requesting vis.png ... OK  sig=1.000  DR=0.932  -> halo000091_sub0034560_z.png
  [607/774] sub=34604 grnr=92  size=0.7740 requesting vis.png ... OK  sig=1.000  DR=0.610  -> halo000092_sub0034604_z.png
  [608/774] sub=34605 grnr=92  size=0.7740 requesting vis.png ... OK  sig=1.000  DR=0.928  -> halo000092_sub0034605_z.png
  [609/774] sub=34628 grnr=94  size=0.8278 requesting vis.png ... OK  sig=1.000  DR=0.597  -> halo000094_sub0034628_z.png
  [610/774] sub=34629 grnr=94  size=0.8278 requesting vis.png ... OK  sig=1.000  DR=0.932  -> halo000094_sub0034629_z.png
  [611/774] sub=34635 grnr=94  size=0.8278 requesting vis.png ... OK  sig=1.000  DR=0.932  -> halo000094_sub0034635_z.png
  [612/774] sub=34655 grnr=95  size=0.7816 requesting vis.png ... OK  sig=1.000  DR=0.597  -> halo000095_sub0034655_z.png
  [613/774] sub=34656 grnr=95  size=0.7816 requesting vis.png ... OK  sig=1.000  DR=0.599  -> halo000095_sub0034656_z.png
  [614/774] sub=34657 grnr=95  size=0.7816 requesting vis.png ... OK  sig=1.000  DR=0.932  -> halo000095_sub0034657_z.png
  [615/774] sub=34659 grnr=95  size=0.7816 requesting vis.png ... OK  sig=1.000  DR=0.932  -> halo000095_sub0034659_z.png
  [616/774] sub=34681 grnr=96  size=0.7651 requesting vis.png ... OK  sig=1.000  DR=0.932  -> halo000096_sub0034681_z.png
  [617/774] sub=34682 grnr=96  size=0.7651 requesting vis.png ... OK  sig=1.000  DR=0.932  -> halo000096_sub0034682_z.png
  [618/774] sub=34699 grnr=96  size=0.7651 requesting vis.png ... OK  sig=1.000  DR=0.613  -> halo000096_sub0034699_z.png
  [619/774] sub=34715 grnr=97  size=0.6761 requesting vis.png ... OK  sig=1.000  DR=0.597  -> halo000097_sub0034715_z.png
  [620/774] sub=34716 grnr=97  size=0.6761 requesting vis.png ... OK  sig=1.000  DR=0.932  -> halo000097_sub0034716_z.png
  [621/774] sub=34732 grnr=98  size=0.7968 requesting vis.png ... OK  sig=1.000  DR=0.608  -> halo000098_sub0034732_z.png
  [622/774] sub=34733 grnr=98  size=0.7968 requesting vis.png ... OK  sig=1.000  DR=0.932  -> halo000098_sub0034733_z.png
  [623/774] sub=34763 grnr=99  size=0.8432 requesting vis.png ... OK  sig=1.000  DR=0.932  -> halo000099_sub0034763_z.png
  [624/774] sub=34764 grnr=99  size=0.8432 requesting vis.png ... OK  sig=1.000  DR=0.599  -> halo000099_sub0034764_z.png
  [625/774] sub=34766 grnr=99  size=0.8432 requesting vis.png ... OK  sig=1.000  DR=0.616  -> halo000099_sub0034766_z.png
  [626/774] sub=34767 grnr=99  size=0.8432 requesting vis.png ... OK  sig=1.000  DR=0.613  -> halo000099_sub0034767_z.png
  [627/774] sub=34771 grnr=99  size=0.8432 requesting vis.png ... OK  sig=1.000  DR=0.614  -> halo000099_sub0034771_z.png
  [628/774] sub=34772 grnr=99  size=0.8432 requesting vis.png ... OK  sig=1.000  DR=0.932  -> halo000099_sub0034772_z.png
  [629/774] sub=34807 grnr=100  size=0.7994 requesting vis.png ... OK  sig=1.000  DR=0.597  -> halo000100_sub0034807_z.png
  [630/774] sub=34808 grnr=100  size=0.7994 requesting vis.png ... 